{
  "train_loss": [
    0.5176488682627678,
    0.5018164524808526,
    0.4356178008019924,
    0.4591044606640935,
    0.5381701402366161,
    0.37262554094195366,
    0.3807572219520807,
    0.5680888034403324,
    0.4028933411464095,
    0.6844525197520852,
    0.4796152915805578,
    0.6634405953809619,
    0.342372533865273,
    0.409889361821115,
    0.5090448334813118,
    0.44660346349701285,
    0.5702812056988478,
    0.23353341687470675,
    0.6621805340982974,
    0.5733541161753237,
    0.2919173473492265,
    0.5698426319286227,
    0.4597314763814211,
    0.6076326109468937,
    0.34514667512848973,
    0.4597946675494313,
    0.4013599157333374,
    0.4655682244338095,
    0.40400487650185823,
    0.635750831104815,
    0.5473814280703664,
    0.6024034381844103,
    0.5510123181156814,
    0.3910245194565505,
    0.5369725185446441,
    0.1734529733657837,
    0.43015403393656015,
    0.45933775627054274,
    0.6512905829586089,
    0.3098421096801758,
    0.5526794651523232,
    0.5004645506851375,
    0.28178754169493914,
    0.371237606741488,
    0.28449169686064124,
    0.5918821184895933,
    0.5556182013824582,
    0.8269445104524493,
    0.49717886094003916,
    0.4740013303235173,
    0.6907646260224283,
    0.4989989548921585,
    0.21019927505403757,
    0.4267832078039646,
    0.4834153866395354,
    0.21665351558476686,
    0.5558634027838707,
    0.39602336194366217,
    0.4533572867512703,
    0.45877122646197677,
    0.3638344295322895,
    0.2632773807272315,
    0.2262612336780876,
    0.4964385572820902,
    0.39183590142056346,
    0.8582313768565655,
    0.29710788605734706,
    0.34031472774222493,
    0.4526483700610697,
    0.3895244235172868,
    0.14586039958521724,
    0.24195835227146745,
    0.4374239461030811,
    0.1587192746810615,
    0.670611436245963,
    0.1352119860239327,
    0.540763053111732,
    0.27400615345686674,
    0.4189357536379248,
    0.12368350103497505,
    0.1944686013739556,
    0.3623003922402859,
    0.29113876493647695,
    0.5713862904813141,
    0.30893379845656455,
    0.3370091204997152,
    0.35225840960629284,
    0.49001635308377445,
    0.37996246479451656,
    0.5069687399081886,
    0.5679108912590891,
    0.4470797977410257,
    0.5029952507466078,
    0.1800578790716827,
    0.17418354866094887,
    0.32873633224517107,
    0.23922201991081238,
    0.16250315913930535,
    0.3760507225524634,
    0.2962919822894037,
    0.12555769924074411,
    0.2603035381762311,
    0.13443904742598534,
    0.11853029939811677,
    0.15722248307429254,
    0.4013082086457871,
    0.34613707149401307,
    0.8934444432379678,
    0.2869070863816887,
    0.5485061149811372,
    0.4445228981785476,
    0.4094512523151934,
    0.19388761633308604,
    0.2782636698393617,
    0.37925606698263437,
    0.45144286402501166,
    0.2269102350110188,
    0.516718443017453,
    0.24346665642224252,
    0.3203845847165212,
    0.2332211924949661,
    0.20758392557036132,
    0.20886250655166805,
    0.42799088289029896,
    0.4426503536524251,
    0.3364629470743239,
    0.2738323488738388,
    0.3009725600713864,
    0.2777894118335098,
    0.28181209368631244,
    0.4235433106077835,
    0.18803645146545023,
    0.14925835165195167,
    0.4532364106271416,
    0.1828042254783213,
    0.40698962414171547,
    0.2049804434645921,
    0.4910489903995767,
    0.475993721280247,
    0.34353333385661244,
    0.23244356911163777,
    0.17674570792587474,
    0.14936458051670343,
    0.2025903785834089,
    0.06630652671447024,
    0.1421747732674703,
    0.3126693026861176,
    0.3915663533844054,
    0.3201741153898183,
    0.1451851602178067,
    0.26446545706130564,
    0.258373127435334,
    0.3216634540585801,
    0.2888743808725849,
    0.43527462708880194,
    0.29268098052125424,
    0.36660009186016396,
    0.6537511621136218,
    0.27513264847220853,
    0.3873598356731236,
    0.3208758820546791,
    0.34313351585296914,
    0.5464327945373952,
    0.2379775404697284,
    0.204344792640768,
    0.29464357369579375,
    0.24849551933584735,
    0.3086912939324975,
    0.1529000320006162,
    0.30976401770021766,
    0.28835009929025546,
    0.2920213514007628,
    0.35192477889359,
    0.18979225924704224,
    0.37244986498262733,
    0.27349040703848004,
    0.2527130849630339,
    0.4511988868471235,
    0.3508317745872773,
    0.15939974162029102,
    0.23711602558614686,
    0.4070337418233976,
    0.26378155389102176,
    0.09133607894182205,
    0.19181585311889648,
    0.1358923241496086,
    0.4338236431358382,
    0.15231843944638968,
    0.2728906196425669,
    0.7135551075625699,
    0.35628680168883875,
    0.434994173971063,
    0.2706748624332249,
    0.32283176406053826,
    0.35122997348662466,
    0.1853524700854905,
    0.12686495602247305,
    0.24030314234551042,
    0.31994157936424017,
    0.1689668232575059,
    0.38413616800971795,
    0.509118645102717,
    0.24423982680309564,
    0.2749153655313421,
    0.33202415201230906,
    0.2080565812648274,
    0.3260504290519748,
    0.2405507319199387,
    0.21466856470215134,
    0.20895437337458134,
    0.3065197831747355,
    0.1763139667455107,
    0.13247983073233627,
    0.2831903775804676,
    0.11865086798206903,
    0.10502392690978013,
    0.4258394732896704,
    0.2871792797232047,
    0.27148133650189266,
    0.5810881571378559,
    0.10737989796325564,
    0.24879761080956087,
    0.11706100290757604,
    0.17689285008236766,
    0.14671118008845951,
    0.22818794634440565,
    0.3612865498289466,
    0.14100608357694,
    0.17653364193392918,
    0.2778363500838168,
    0.5625664839462843,
    0.23237658315338194,
    0.054528888591448776,
    0.11459328344790265,
    0.2112722326273797,
    0.14185460555745522,
    0.29680671422102023,
    0.5531694668461569,
    0.12699223853996955,
    0.0826483468117658,
    0.47471833345480263,
    0.2869727418292314,
    0.07757966892677359,
    0.2752782593597658,
    0.2610829859622754,
    0.1978996223770082,
    0.6057916669524275,
    0.18317076822859235,
    0.38400542162708007,
    0.30992322135716677,
    0.7485707674495643,
    0.37207791980472393,
    0.177042530849576,
    0.24134599819080904,
    0.19675741321407259,
    0.2748019368154928,
    0.30440435104537755,
    0.24086524755693972,
    0.1649336035916349,
    0.4015908357105218,
    0.7289511681883596,
    0.23625323991291225,
    0.16060333111090586,
    0.3738035426067654,
    0.4656876348890364,
    0.33739580563269556,
    0.2617335636750795,
    0.23693105502752587,
    0.24584498855983838,
    0.3623284221685026,
    0.33639810123713687,
    0.28011526382761076,
    0.10914366994984448,
    0.2265017888857983,
    0.17920258454978466,
    0.11501204909291118,
    0.23265040921978652,
    0.17425232208915986,
    0.13111084394040518,
    0.18580675672274083,
    0.25038649403722957,
    0.27422561575076543,
    0.20379085886816029,
    0.45055536620202474,
    0.2044447944208514,
    0.5453902868539444,
    0.4622347666445421,
    0.15599903734982945,
    0.23565570468781516,
    0.4542094870994333,
    0.31856715949834324,
    0.25100346576073207,
    0.38939366544946097,
    0.2856622778563178,
    0.2054632180952467,
    0.30932966464024503,
    0.2883746956649702,
    0.27786888217087835,
    0.17802986281458288,
    0.43249883042881265,
    0.1763641818688484,
    0.44758174383605365,
    0.1604924171260791,
    0.2807695712399436,
    0.3708904118320788,
    0.356318335281685,
    0.7269068046298344,
    0.10354088837630115,
    0.45152368482376914,
    0.10006284377595875,
    0.2202595782582648,
    0.20065219834214076,
    0.4049765490926802,
    0.1983870646217838,
    0.2099872302787844,
    0.5673484092694707,
    0.2135172966227401,
    0.18793502083281055,
    0.07811641186708584,
    0.11213655961910263,
    0.43550580221926793,
    0.2809637199388817,
    0.2179263202706352,
    0.2534397267445456,
    0.33112785388948396,
    0.29969196196179837,
    0.15819383555208333,
    0.8484344017924741,
    0.25797435676213354,
    0.11548432381823659,
    0.28569950626115315,
    0.27519775138353,
    0.29824398999335244,
    0.15828687974135391,
    0.48452126144547947,
    0.21254547487478703,
    0.19708516317768954,
    0.2661916989600286,
    0.17662029975326732,
    0.1579155127692502,
    0.15830064499459695,
    0.20385451143374667,
    0.17308479553321376,
    0.2733887057402171,
    0.03392407315550372,
    0.2692765090323519,
    0.21297928917920217,
    0.26407005851797294,
    0.37668031007342506,
    0.17825621967494953,
    0.09432883634872269,
    0.14916017432551598,
    0.14188874996034428,
    0.39057057129684836,
    0.155838235252304,
    0.18619401936302893,
    0.1968593140190933,
    0.04387844677694375,
    0.24550141231156886,
    0.11582505109254271,
    0.14096077674184926,
    0.2024914915964473,
    0.38715873986075167,
    0.2217489556351211,
    0.3487596242921427,
    0.11458754297927953,
    0.4104215758270584,
    0.29602509376127273,
    0.25878981951245805,
    0.17351339450397063,
    0.033062960632378235,
    0.348135490246932,
    0.410225518833613,
    0.1838145309156971,
    0.16278882056940347,
    0.2525611550663598,
    0.2747749738045968,
    0.10172253924247343,
    0.3460030352580361,
    0.26376676061045146,
    0.08730173599906266,
    0.14065195801958907,
    0.17366567051794846,
    0.05961970565840602,
    0.387463307222788,
    0.25692668509145733,
    0.07448919949820265,
    0.08266108935640659,
    0.12349976171390153,
    0.12278941705881152,
    0.0859147533410578,
    0.13184137814096175,
    0.16491879132081522,
    0.3029998057936609,
    0.2022250239715504,
    0.16584802114266495,
    0.12014896992332069,
    0.20587334186579523,
    0.12526978881578543,
    0.21546253374253865,
    0.18008024396476685,
    0.13009603208774934,
    0.24865805232548155,
    0.13518778229263262,
    0.1086605601303745,
    0.16803878192149568,
    0.07885454037750605,
    0.15530634715833003,
    0.2264566303783795,
    0.3019985565515526,
    0.24987232068087906,
    0.20193589653354138,
    0.18607122814864852,
    0.23061445070925402,
    0.18735585527610965,
    0.21965656901011243,
    0.23650594993523555,
    0.15589176378125558,
    0.17935511039831908,
    0.2591031742958876,
    0.07721132115693763,
    0.15517217267188244,
    0.24748245123191737,
    0.16056535494863056,
    0.1049651263274427,
    0.1278870401874883,
    0.14258340876403963,
    0.11608759740920505,
    0.15945756774453912,
    0.2716348171052232,
    0.1839404126512818,
    0.12043059075222118,
    0.14461101702909218,
    0.0651072052460222,
    0.11755690585232514,
    0.07558531403628876,
    0.17501446200731152,
    0.16163487111771246,
    0.382793222041073,
    0.1231852673809044,
    0.19493842873271205,
    0.22310918002040125,
    0.17948201305262046,
    0.2140713505577878,
    0.3224380329302221,
    0.3276591259200359,
    0.20196203039085958,
    0.10681654304698895,
    0.17429225729574682,
    0.14767963434860576,
    0.23613519041100517,
    0.14765380479366286,
    0.16068171024380717,
    0.23735183565986517,
    0.31686629469913896,
    0.23022697711348883,
    0.11189955584995914,
    0.24799812425408163,
    0.3400776638991374,
    0.33328081458603265,
    0.08637442538383766,
    0.1797056861105375,
    0.051302458467944234,
    0.20162920003349427,
    0.6083415089888149,
    0.09545236574922455,
    0.08730887573619839,
    0.09848595814401051,
    0.12141992434044369,
    0.3463623481693503,
    0.06862422617996344,
    0.0806998550760909,
    0.2250902180057892,
    0.05945492128375918,
    0.11932141505531035,
    0.19184261814370984,
    0.13739014998282073,
    0.42676543409834267,
    0.17415186935977545,
    0.10252750478684902,
    0.05271626485045999,
    0.1673025416530436,
    0.146873249374039,
    0.10285254216432804,
    0.2149728244257858,
    0.20988595878588967,
    0.18584306838420162,
    0.262034293366014,
    0.3067664925765712,
    0.057181414962542476,
    0.15111124268878484,
    0.08139897326327628,
    0.16797552779098623,
    0.16611934002139606,
    0.06119490009587025,
    0.07955761728590005,
    0.15451072101132013,
    0.11092655090760672,
    0.0783728978203726,
    0.09218144890473923,
    0.09977182689908659,
    0.24056081892649672,
    0.22459332807920873,
    0.1816290556671447,
    0.17648245234158821,
    0.06834444295327557,
    0.02714346701577597,
    0.04717873962363228,
    0.10265811996214325,
    0.0826825955100503,
    0.17266661852772813,
    0.18356432815198787,
    0.041870465912779764,
    0.11541399324050872,
    0.17068506266969052,
    0.1413118086893519,
    0.14393002371070907,
    0.30447623316649697,
    0.21084158142184606,
    0.0297453587900236,
    0.23300242409095517,
    0.12745010085200192,
    0.15899935137713328,
    0.12019983215941465,
    0.1503582295263186,
    0.0607372079975903,
    0.03048808871244546,
    0.17419333190082398,
    0.1619276280835038,
    0.12115146659925813,
    0.14681299765106814,
    0.4326673538525938,
    0.14438677956604806,
    0.16846030986562255,
    0.25635311819678464,
    0.3036000296306156,
    0.28970941134684836,
    0.14220022663357668,
    0.23556380751688266,
    0.06750910689879674,
    0.23810961512936046,
    0.15232189689049846,
    0.06877512071514502,
    0.08654339886561502,
    0.23670648962797713,
    0.07457392021387932,
    0.10480756651304546,
    0.29839905283006374,
    0.1130076660629129,
    0.0886340412289428,
    0.02598007261985913,
    0.013829594417984481,
    0.028976253834116505,
    0.13583710869352217,
    0.15933634614339098,
    0.19163009569911083,
    0.10463623136820388,
    0.13779829797840648,
    0.044747490510417265,
    0.02009800186397115,
    0.3762529727209767,
    0.16524742864748987,
    0.10709082043649687,
    0.0816122663927672,
    0.04062036123650614,
    0.2177500792840874,
    0.08831606621424726,
    0.1724879747343948,
    0.14832871982071083,
    0.16863004050173913,
    0.11405388643015613,
    0.11046330783938174,
    0.09153276605866267,
    0.16127249420969747,
    0.1461398906649265,
    0.19000718306415365,
    0.2357684380003775,
    0.12139636261736086,
    0.21948604999306554,
    0.09271610808082187,
    0.1519346220547959,
    0.1309068691016364,
    0.20671869811121724,
    0.10150412772964046,
    0.15317116558162525,
    0.27805743261433236,
    0.13754582201727317,
    0.10384547854118864,
    0.06336466824723175,
    0.27352401632015244,
    0.18799069994202,
    0.37581395593133493,
    0.029424568899230508,
    0.4379211316991132,
    0.08222037692576123,
    0.23598769188538427,
    0.1039183591856272,
    0.2730530143089709,
    0.14852523817535257,
    0.19465853899600916,
    0.2455952151758538,
    0.041437659681832884,
    0.23148112956550904,
    0.13996189683530247,
    0.14073705374175915,
    0.11666078446432948,
    0.042654215008951724,
    0.13372488805180183,
    0.07879009899625089,
    0.1220394727497478,
    0.16979244319009013,
    0.16804953232349362,
    0.19143906053432147,
    0.2160075011124718,
    0.13542854733350396,
    0.17169176751485793,
    0.15274652056541527,
    0.05927166594483424,
    0.21861179733241443,
    0.19470816136163194,
    0.17739141904894495,
    0.09218139934091596,
    0.2294677414247417,
    0.16586405620182632,
    0.21413291547287372,
    0.39354994340465055,
    0.14599113319127355,
    0.08967110919911647,
    0.2778252454008907,
    0.14967973946477287,
    0.20727818036539247,
    0.11433003557795018,
    0.0965699699918332,
    0.18667657818150474,
    0.23052954629383748,
    0.21784684119120357,
    0.1715441900814767,
    0.058045346770086326,
    0.27511437706198194,
    0.04100482946887496,
    0.0665646672296134,
    0.0686713347413388,
    0.0753839975077426,
    0.20670725808577117,
    0.043600576453172835,
    0.38423856087865715,
    0.19435057959708502,
    0.12322650748501474,
    0.47848775359307183,
    0.11667177966228337,
    0.09335143160024018,
    0.09238907631879556,
    0.13042914887046209,
    0.18843610122712562,
    0.11510201216151472,
    0.05121567025707918,
    0.018179395785409724,
    0.3408318285146379,
    0.11189062365156133,
    0.1220208067970816,
    0.06132608947518747,
    0.1465715677695698,
    0.09386287836423435,
    0.18401608830754412,
    0.18060923932353035,
    0.11490981285896851,
    0.17877090256661177,
    0.10633041350956773,
    0.27320317937665095,
    0.12949082499108044,
    0.11733361220467486,
    0.1170096154564817,
    0.29052521961784805,
    0.08813968216054491,
    0.13144113419548376,
    0.18332736683441908,
    0.1664621036470635,
    0.2823890001454856,
    0.04208046721396386,
    0.17720535097760148,
    0.14420968862214067,
    0.22612197767739417,
    0.1884731874015415,
    0.1399142927257344,
    0.14771364282569266,
    0.10377691385656362,
    0.3352010753224022,
    0.2731770345963014,
    0.15463556876784423,
    0.1377313813281944,
    0.1539968389333808,
    0.30998131628439296,
    0.2148994933704671,
    0.06735078988276655,
    0.11943771152436966,
    0.2897845304723887,
    0.14626254890754353,
    0.16433562335078022,
    0.012987139030883554,
    0.14926580891551566,
    0.34254511356994044,
    0.43565669111922034,
    0.09187335241949768,
    0.05721071391599253,
    0.0638517802071874,
    0.18628642119620054,
    0.28996994833869394,
    0.5467081980095827,
    0.26551216537336586,
    0.033476649216027,
    0.16908322503149975,
    0.08409980426949915,
    0.15568371217523236,
    0.23518537494237535,
    0.15082960671861656,
    0.19692216260591522,
    0.1563944056397304,
    0.13973997949506156,
    0.064545103108685,
    0.1105180576996645,
    0.20068575366894947,
    0.16194081207868294,
    0.25332305661868304,
    0.05803034998825751,
    0.11964801317662932,
    0.16504014408565126,
    0.4005288590560667,
    0.0800313663239649,
    0.040669070949661545,
    0.09864680291502737,
    0.14991199712676462,
    0.1720074238619418,
    0.10805175530913402,
    0.12652073798017227,
    0.09708744853560347,
    0.06429714137630071,
    0.2265582189502311,
    0.044882450172735844,
    0.11249113304074854,
    0.06604419258474081,
    0.09989030730503146,
    0.08641254723625025,
    0.1762730503505736,
    0.3774444316914014,
    0.23245018741727108,
    0.2948229347357483,
    0.08573740848805755,
    0.08653283332569117,
    0.14246594988253491,
    0.22726258941020205,
    0.19639181371530867,
    0.17682570165925426,
    0.20654636112885782,
    0.09880073681961221,
    0.15075079996313434,
    0.13275314725615317,
    0.04707325973504339,
    0.16867996291693999,
    0.12995918763044756,
    0.039689154364168644,
    0.08037336216148105,
    0.03703459467578796,
    0.026699473499320447,
    0.06873719085115226,
    0.09231412598091993,
    0.10010195604991168,
    0.17735368987450784,
    0.15087263587338384,
    0.10254605157206242,
    0.16945939609286143,
    0.09620476390773547,
    0.06099075847578206,
    0.29752700512472074,
    0.12959325079555128,
    0.08421739248751692,
    0.20900458336473093,
    0.12915712846552196,
    0.05532998115813825,
    0.04459423780645011,
    0.09552056512620766,
    0.1456086605321616,
    0.11285087148098683,
    0.3577800725688576,
    0.2066854053082352,
    0.2010491462497157,
    0.20611622099295346,
    0.1031784014958248,
    0.22703514019849536,
    0.05768082536451402,
    0.10181830861074559,
    0.06292389746522531,
    0.21501366896700347,
    0.14087067420769017,
    0.05277204915182665,
    0.1667046939719512,
    0.011266394925769418,
    0.053831699004149414,
    0.1127183793214499,
    0.20750571179996768,
    0.16556807259439665,
    0.09503409471653868,
    0.09438279962887464,
    0.12534768685782183,
    0.1574616192774556,
    0.08557805937380181,
    0.11134895972645609,
    0.09861986992837046,
    0.07603897168155527,
    0.03592690042205504,
    0.22453731101268204,
    0.08066938035517524,
    0.06220261839735031,
    0.02754061199448188,
    0.09148216132234666,
    0.07166506499925163,
    0.1417284414628739,
    0.02678337417637522,
    0.17380546776257688,
    0.05385455536907102,
    0.0988177436775004,
    0.06366525333578466,
    0.07462474973726785,
    0.07393853079338442,
    0.1761530101439348,
    0.04822788928868249,
    0.182809244874079,
    0.17256587310339455,
    0.0852959887392899,
    0.251061732218659,
    0.11782883930209209,
    0.022672714551845274,
    0.04772964229050558,
    0.14618823348064325,
    0.07923124917397217,
    0.027263077958195936,
    0.08432691632879141,
    0.012209107613671222,
    0.07147964190335188,
    0.09474604085789906,
    0.1403157968029518,
    0.09092516013515706,
    0.10188005118743604,
    0.015200679543340812,
    0.08987470171177847,
    0.06978994098335534,
    0.05757121805800125,
    0.04431203499188996,
    0.030425849040057074,
    0.014349864579344285,
    0.03487058131122467,
    0.10791323984358314,
    0.16148798161430022,
    0.07025041000269994,
    0.12089303742686752,
    0.14742669412453324,
    0.23219705144674663,
    0.25624161695623116,
    0.06424280737292065,
    0.011952409981859091,
    0.08704135066909657,
    0.13834833899159094,
    0.10854254632431548,
    0.19371342948033998,
    0.13876050516546456,
    0.03350373190914979,
    0.15550654047592616,
    0.10650280628033215,
    0.07635813934757607,
    0.12189080929510965,
    0.05106362369224371,
    0.19279285203811014,
    0.06715040717972443,
    0.06754318311868701,
    0.08850904886276112,
    0.1602748355253425,
    0.061442737035122263,
    0.10679260059259832,
    0.11314274565665983,
    0.14700880248528847,
    0.06982378071734274,
    0.12670283729539733,
    0.1149496040716258,
    0.03772515723358083,
    0.09644375223615498,
    0.010309160381439142,
    0.25424966545551797,
    0.15360767789206875,
    0.01621958108535182,
    0.13913225438682275,
    0.11470995758372737,
    0.021460872904299322,
    0.038966533029451966,
    0.16712800226196123,
    0.04513807391685987,
    0.05721304306644015,
    0.1198241153579147,
    0.13915638382059115,
    0.0613339310111769,
    0.07068740103386517,
    0.028446277960028965,
    0.06541337330418173,
    0.11533765451349609,
    0.10170478986219678,
    0.130945053177129,
    0.04500282491062535,
    0.0765746252527606,
    0.05176085592484014,
    0.18911893924405376,
    0.10645914388987876,
    0.014406413678443641,
    0.03501734412020596,
    0.12468446090542784,
    0.15725917182135163,
    0.10158696674625389,
    0.010743190925495583,
    0.0024122540767166356,
    0.09577581957091752,
    0.08734559841286682,
    0.16859870134248922,
    0.06200542797887465,
    0.039097718096854805,
    0.0502897822475461,
    0.21423455179501616,
    0.06486172480890673,
    0.09218216395674972,
    0.10895498228092038,
    0.07630298180993123,
    0.10004872402350884,
    0.09520875225916825,
    0.08527649487041344,
    0.03466922898132907,
    0.07739926511567319,
    0.05149558682569477,
    0.1318456366079772,
    0.10542918394276057,
    0.07351071514494834,
    0.11861773085547611,
    0.08309559156805335,
    0.14059894477577473,
    0.046772213327130885,
    0.1198018720260734,
    0.03751542987993162,
    0.031799538454833964,
    0.024373129157538642,
    0.15379276315616153,
    0.14193020068842088,
    0.03241848118750568,
    0.10232943257597071,
    0.026329964298383857,
    0.09375015183468349,
    0.04420884069895692,
    0.16372127250406265,
    0.08172861351749816,
    0.07972058231780466,
    0.03556618766015163,
    0.27574236439340893,
    0.04916775287756536,
    0.15557788845080722,
    0.12628056606308746,
    0.040596683998955996,
    0.025361667409015354,
    0.0729629274828767,
    0.19356225959199946,
    0.06957550558217918,
    0.07401084073535458,
    0.06395079892899957,
    0.07692700819097809,
    0.10736297139374074,
    0.08277986554094241,
    0.04085021167702507,
    0.08390004035572929,
    0.09636709540063748,
    0.07828901483480877,
    0.0963189104149933,
    0.11657043979721493,
    0.10982069474994205,
    0.05712873483753356,
    0.08276359130650235,
    0.049174885416505276,
    0.12201308886687912,
    0.06445816426094098,
    0.11394006615137187,
    0.06822525820371084,
    0.030404231138845716,
    0.16543244365129794,
    0.07981026890411158,
    0.06034173906118667,
    0.1922464285244132,
    0.0046108693982205295,
    0.17527709218461496,
    0.02666647108867437,
    0.10680540142038808,
    0.06580238331162036,
    0.011020059165275597,
    0.05747587717496572,
    0.11344348691272899,
    0.05218997536076131,
    0.008370892817765707,
    0.11338121264543588,
    0.23011552893513,
    0.03435870286057252,
    0.15722499022513148,
    0.11491477695062713,
    0.0375717475599231,
    0.07511486437124404,
    0.07594348690327024,
    0.01349266801412341,
    0.039148204704133605,
    0.08000066794920713,
    0.11189302286629754,
    0.16969831741789676,
    0.10529378546743828,
    0.027134920178468747,
    0.09303645782347303,
    0.16447203463849291,
    0.08948022609683903,
    0.2798440765500345,
    0.05605284060129634,
    0.02693602519138949,
    0.011707830309205747,
    0.08924676177412039,
    0.0617931083561416,
    0.0813738684864802,
    0.09972669957551261,
    0.08533826760321972,
    0.08701440694176199,
    0.006014144297296298,
    0.11897181136919244,
    0.06036004813267937,
    0.06013583131607447,
    0.02084447716060822,
    0.07074257223439417,
    0.13460808169656957,
    0.15947552694524347,
    0.09296568923673476,
    0.13771824811010447,
    0.03346753636469657,
    0.13711975459955283,
    0.06841765985609527,
    0.06356321860221215,
    0.11430656092352365,
    0.058836519067881454,
    0.08218122663492977,
    0.17193281737127108,
    0.0673225696591544,
    0.09754772776068421,
    0.06485736822833132,
    0.042517500156918686,
    0.14768381892554316,
    0.08073951144251623,
    0.09054005370126106,
    0.23190661153012115,
    0.04568126277808915,
    0.11810930017713872,
    0.17657164364572964,
    0.09493817267059512,
    0.1188551054360687,
    0.14209923382986744,
    0.08906212302736094,
    0.07596497014628767,
    0.030956248355323623,
    0.09703760630736724,
    0.12415783142341752,
    0.06769453208562481,
    0.04875088011158368,
    0.0958873807121563,
    0.07326260715763055,
    0.07062473600763042,
    0.07828719913686655,
    0.13224806350990548,
    0.10635977608899339,
    0.20269002652821655,
    0.07018757177320367,
    0.16654141984167836,
    0.12199151601680569,
    0.08014255172292906,
    0.07030311522339616,
    0.06828485488631486,
    0.2343050128320101,
    0.020677377287938725,
    0.0880416594604867,
    0.05469428877404425,
    0.10310401910464861,
    0.03790338055694065,
    0.03469755645369332,
    0.10620219578777323,
    0.03359505533967422,
    0.04712864891598656,
    0.17159775226969032,
    0.10935218910549338,
    0.0654191497451393,
    0.16486256543203126,
    0.12945508537086425,
    0.10420991296723514,
    0.05837792500278738,
    0.044196190000548086,
    0.105764727370115,
    0.029016670351666107,
    0.015686055941841914,
    0.085607658878871,
    0.0679539455172744,
    0.07077096195166632,
    0.01828851289974409,
    0.08623522580455756,
    0.04682935384767006,
    0.07906749949324876,
    0.09229465741282183,
    0.15849251291774635,
    0.09734443691559136,
    0.07166182747187122,
    0.03257252903290464,
    0.02439397314810776,
    0.01800759691559506,
    0.0785303937509525,
    0.01256366827601596,
    0.06928156369122007,
    0.3527774355884503,
    0.12635131404340427,
    0.10113112107137567,
    0.029671502195469657,
    0.12867673515256683,
    0.20207450312045694,
    0.08467127316407641,
    0.02553519996877185,
    0.08298097515034897,
    0.017441490052078734,
    0.06336414493807752,
    0.2408898681392202,
    0.14646145399819943,
    0.07616005190629949,
    0.13182410236186115,
    0.0075371564435045,
    0.04024295692533997,
    0.04305082172140828,
    0.05213633484413549,
    0.098742261840016,
    0.16685030994813133,
    0.0968648466759987,
    0.030860022442539048,
    0.13807268804066553,
    0.045389448569039814,
    0.05914281585955905,
    0.07236179795836506,
    0.036244004804757424,
    0.06634957434357602,
    0.04877654279880517,
    0.11383390782566494,
    0.07034287556234631,
    0.013705053615922225,
    0.1369410313627668,
    0.04962171427541762,
    0.1344818509369361,
    0.07671243436288933,
    0.06278120922615926,
    0.10578984152289195,
    0.14429809324201415,
    0.09510447828870383,
    0.09493176817795757,
    0.165616232620323,
    0.32093181124992043,
    0.05812131475977367,
    0.09735514801241152,
    0.07572253280886798,
    0.10085410814781426,
    0.12989684661988576,
    0.13988753461489978,
    0.1894035894620174,
    0.044951660042897856,
    0.2549958608469751,
    0.028198981077821372,
    0.07612928920661943,
    0.028317875729044317,
    0.08087354336021235,
    0.06377878568036977,
    0.19503448213981756,
    0.1834447474730041,
    0.034780092633809545,
    0.21583036502670438,
    0.09286873310884403,
    0.04625590540308622,
    0.07150660615479865,
    0.08843224506290426,
    0.058948995796527015,
    0.04970862570553436,
    0.07752208967212937,
    0.06625545913630049,
    0.02931687874479394,
    0.16986618297596578,
    0.2905591001435823,
    0.0685433757626015,
    0.13517341036276775,
    0.04140588498376019,
    0.03405994332388218,
    0.05738857646726749
  ],
  "train_acc": [
    0.7619047619047619,
    0.7936507936507936,
    0.8243243243243243,
    0.7457627118644068,
    0.7261146496815286,
    0.8787878787878788,
    0.8780487804878049,
    0.6666666666666666,
    0.8456375838926175,
    0.7099236641221374,
    0.851063829787234,
    0.7119341563786008,
    0.8670520231213873,
    0.8448275862068966,
    0.6687898089171974,
    0.8827160493827161,
    0.7935483870967742,
    0.9583333333333334,
    0.7157360406091371,
    0.8028169014084507,
    0.9468085106382979,
    0.7226277372262774,
    0.8157894736842105,
    0.8013245033112583,
    0.8793103448275862,
    0.8666666666666667,
    0.8274111675126904,
    0.8160919540229885,
    0.8627450980392157,
    0.777027027027027,
    0.7857142857142857,
    0.827027027027027,
    0.8379888268156425,
    0.7297297297297297,
    0.807909604519774,
    0.9822485207100592,
    0.8571428571428571,
    0.7941176470588235,
    0.7637795275590551,
    0.9576719576719577,
    0.7727272727272727,
    0.8492462311557789,
    0.875,
    0.76,
    0.9333333333333333,
    0.7013888888888888,
    0.7674418604651163,
    0.5974025974025974,
    0.9039301310043668,
    0.8098159509202454,
    0.7916666666666666,
    0.8850574712643678,
    0.94375,
    0.8428571428571429,
    0.8811188811188811,
    0.9652777777777778,
    0.7763157894736842,
    0.8947368421052632,
    0.8414634146341463,
    0.8613138686131386,
    0.8633093525179856,
    0.8806818181818182,
    0.9057971014492754,
    0.8666666666666667,
    0.8604651162790697,
    0.6326530612244898,
    0.8415841584158416,
    0.783625730994152,
    0.7834394904458599,
    0.7925925925925926,
    0.9924812030075187,
    0.96,
    0.7485029940119761,
    0.9861111111111112,
    0.7027027027027027,
    0.9342105263157895,
    0.7674418604651163,
    0.8674698795180723,
    0.8296296296296296,
    1.0,
    0.9391304347826087,
    0.9375,
    0.8181818181818182,
    0.8028169014084507,
    0.8916666666666667,
    0.861271676300578,
    0.8325123152709359,
    0.6987179487179487,
    0.834319526627219,
    0.6547619047619048,
    0.8021978021978022,
    0.734375,
    0.8341968911917098,
    0.9803921568627451,
    0.9874213836477987,
    0.8979591836734694,
    0.9346733668341709,
    0.9822485207100592,
    0.9289940828402367,
    0.910958904109589,
    0.9943181818181818,
    0.9568345323741008,
    1.0,
    0.9570552147239264,
    0.9672131147540983,
    0.8743169398907104,
    0.9117647058823529,
    0.7943262411347518,
    0.9013452914798207,
    0.7329545454545454,
    0.8315217391304348,
    0.7055214723926381,
    0.9473684210526315,
    0.9230769230769231,
    0.8366013071895425,
    0.8085106382978723,
    0.9785714285714285,
    0.8406593406593407,
    0.9205298013245033,
    0.7633136094674556,
    0.9011627906976745,
    0.9663865546218487,
    0.9526627218934911,
    0.8181818181818182,
    0.8596491228070176,
    0.8837209302325582,
    0.8657718120805369,
    0.9548872180451128,
    0.905,
    0.8957055214723927,
    0.8012820512820513,
    0.9292929292929293,
    0.9851485148514851,
    0.7410071942446043,
    0.9411764705882353,
    0.8228571428571428,
    0.9664804469273743,
    0.8352272727272727,
    0.8,
    0.8097345132743363,
    0.9295774647887324,
    0.9417989417989417,
    0.9530201342281879,
    0.9154929577464789,
    1.0,
    0.9876543209876543,
    0.9014778325123153,
    0.8465346534653465,
    0.877906976744186,
    0.9476439790575916,
    0.9025974025974026,
    0.8716216216216216,
    0.8913043478260869,
    0.8928571428571429,
    0.918918918918919,
    0.875,
    0.7538461538461538,
    0.7077922077922078,
    0.8765432098765432,
    0.8466257668711656,
    0.8469387755102041,
    0.6684491978609626,
    0.7,
    0.9090909090909091,
    0.9607843137254902,
    0.8466666666666667,
    0.9225806451612903,
    0.8232558139534883,
    0.9945652173913043,
    0.8125,
    0.9590163934426229,
    0.8081395348837209,
    0.8783783783783784,
    0.8842975206611571,
    0.8467741935483871,
    0.9047619047619048,
    0.8914285714285715,
    0.640625,
    0.7748344370860927,
    0.9296875,
    0.8978102189781022,
    0.8571428571428571,
    0.7832167832167832,
    1.0,
    0.9406392694063926,
    0.9473684210526315,
    0.8174273858921162,
    0.9745222929936306,
    0.8496732026143791,
    0.6564102564102564,
    0.723404255319149,
    0.7346938775510204,
    0.8303030303030303,
    0.8360655737704918,
    0.8625954198473282,
    0.9207920792079208,
    0.9290780141843972,
    0.9364161849710982,
    0.922077922077922,
    0.9642857142857143,
    0.7724137931034483,
    0.7577639751552795,
    0.8303030303030303,
    0.8802395209580839,
    0.7818181818181819,
    0.8702702702702703,
    0.8409090909090909,
    0.6875,
    0.8848920863309353,
    0.9175257731958762,
    0.8903225806451613,
    0.9300699300699301,
    0.9565217391304348,
    0.9072164948453608,
    0.959731543624161,
    0.9423076923076923,
    0.7391304347826086,
    0.7717842323651453,
    0.9123711340206185,
    0.7752808988764045,
    0.9759036144578314,
    0.831081081081081,
    0.9772727272727273,
    0.9583333333333334,
    0.8985507246376812,
    0.8301886792452831,
    0.8622222222222222,
    0.9539473684210527,
    0.9685534591194969,
    0.9224806201550387,
    0.7670454545454546,
    0.9315068493150684,
    1.0,
    0.9074074074074074,
    0.9041095890410958,
    0.9663865546218487,
    0.8333333333333334,
    0.7386934673366834,
    0.9652777777777778,
    0.9946524064171123,
    0.6953125,
    0.9473684210526315,
    0.9859154929577465,
    0.8776978417266187,
    0.8424242424242424,
    0.8840579710144928,
    0.8524590163934426,
    0.9181286549707602,
    0.7945205479452054,
    0.84472049689441,
    0.7244094488188977,
    0.9032258064516129,
    0.9454545454545454,
    0.9006211180124224,
    0.927710843373494,
    0.912751677852349,
    0.8814814814814815,
    0.8626373626373627,
    0.9617486338797814,
    0.796875,
    0.70625,
    0.9050632911392406,
    0.9157303370786517,
    0.823943661971831,
    0.7874396135265701,
    0.6836734693877551,
    0.8722222222222222,
    0.9375,
    0.9234972677595629,
    0.9328358208955224,
    0.7365269461077845,
    0.8538461538461538,
    0.9496402877697842,
    0.8333333333333334,
    0.9403973509933775,
    0.96875,
    0.8979591836734694,
    0.9457831325301205,
    0.9707602339181286,
    0.9383561643835616,
    0.9477124183006536,
    0.8785046728971962,
    0.8823529411764706,
    0.84,
    0.9700598802395209,
    0.7318435754189944,
    0.6625514403292181,
    0.9555555555555556,
    0.920863309352518,
    0.8051948051948052,
    0.7678571428571429,
    0.9096385542168675,
    0.8580645161290322,
    0.8888888888888888,
    0.9477124183006536,
    0.8333333333333334,
    0.8109756097560976,
    0.7417218543046358,
    0.9844961240310077,
    0.7386934673366834,
    0.9440993788819876,
    0.8241758241758241,
    0.8766233766233766,
    0.9238578680203046,
    0.779874213836478,
    0.7484276729559748,
    0.6170212765957447,
    0.9534883720930233,
    0.7150259067357513,
    0.926829268292683,
    0.9194630872483222,
    0.8960396039603961,
    0.8091603053435115,
    0.9144736842105263,
    0.8701298701298701,
    0.7828947368421053,
    0.9747899159663865,
    0.9473684210526315,
    0.9897435897435898,
    1.0,
    0.83125,
    0.8597560975609756,
    0.7988826815642458,
    0.8561151079136691,
    0.7744360902255639,
    0.8791946308724832,
    0.9407894736842105,
    0.5945945945945946,
    0.949685534591195,
    0.9844559585492227,
    0.9090909090909091,
    0.8914728682170543,
    0.8934010152284264,
    0.98125,
    0.7070063694267515,
    0.9295774647887324,
    0.9254658385093167,
    0.8783068783068783,
    0.935064935064935,
    0.9384615384615385,
    0.912751677852349,
    0.8836206896551724,
    0.8811188811188811,
    0.903954802259887,
    1.0,
    0.7545454545454545,
    0.9226519337016574,
    0.8780487804878049,
    0.8843537414965986,
    0.957345971563981,
    0.9517241379310345,
    0.9354838709677419,
    0.9375,
    0.8403755868544601,
    0.9466666666666667,
    0.8833333333333333,
    0.8810810810810811,
    0.9886363636363636,
    0.8857142857142857,
    0.9602272727272727,
    0.9517241379310345,
    0.954248366013072,
    0.875,
    0.907608695652174,
    0.7983193277310925,
    0.9655172413793104,
    0.8583333333333333,
    0.7586206896551724,
    0.8385093167701864,
    0.9103448275862069,
    1.0,
    0.8992805755395683,
    0.9112903225806451,
    0.9054054054054054,
    0.9707602339181286,
    0.7692307692307693,
    0.89937106918239,
    0.9731543624161074,
    0.8435374149659864,
    0.851063829787234,
    0.9695121951219512,
    0.9386503067484663,
    0.9327731092436975,
    0.9720670391061452,
    0.849624060150376,
    0.828125,
    0.9777777777777777,
    0.9846153846153847,
    0.9468085106382979,
    0.9803921568627451,
    0.98125,
    0.9565217391304348,
    0.9463087248322147,
    0.8821138211382114,
    0.9106145251396648,
    0.8952879581151832,
    0.964824120603015,
    0.8181818181818182,
    0.9507042253521126,
    0.8630952380952381,
    0.9271523178807947,
    0.9235668789808917,
    0.9017857142857143,
    0.9221556886227545,
    0.9738562091503268,
    0.9257142857142857,
    0.9808917197452229,
    0.9212121212121213,
    0.89937106918239,
    0.8650306748466258,
    0.8711656441717791,
    0.8217054263565892,
    0.9777777777777777,
    0.9106145251396648,
    0.9090909090909091,
    0.8932038834951457,
    0.9545454545454546,
    0.7659574468085106,
    0.948905109489051,
    0.8728323699421965,
    0.9906542056074766,
    0.9170731707317074,
    0.88268156424581,
    0.8582089552238806,
    0.9452054794520548,
    0.9354838709677419,
    0.9344262295081968,
    0.9754901960784313,
    0.8838383838383839,
    0.8333333333333334,
    0.968609865470852,
    0.9629629629629629,
    0.9259259259259259,
    0.9865771812080537,
    0.9635416666666666,
    0.9681528662420382,
    0.9361702127659575,
    0.9574468085106383,
    0.8384615384615385,
    0.953757225433526,
    0.868421052631579,
    0.9060402684563759,
    0.8881118881118881,
    0.9294117647058824,
    0.8208955223880597,
    0.8579234972677595,
    0.865546218487395,
    0.9649122807017544,
    0.9728260869565217,
    0.9162790697674419,
    0.9101796407185628,
    0.9448275862068966,
    0.9117647058823529,
    0.9026548672566371,
    0.910958904109589,
    0.8733031674208145,
    0.979381443298969,
    0.8833333333333333,
    0.7192982456140351,
    0.8933333333333333,
    0.9144736842105263,
    0.9085714285714286,
    0.9919354838709677,
    0.869281045751634,
    0.7567567567567568,
    0.975609756097561,
    0.9476744186046512,
    0.9791666666666666,
    0.8898305084745762,
    0.927007299270073,
    0.9619565217391305,
    1.0,
    0.8686131386861314,
    0.9932432432432432,
    0.9455782312925171,
    0.9338842975206612,
    0.9346733668341709,
    0.7945945945945946,
    0.8571428571428571,
    0.9761904761904762,
    0.9875776397515528,
    0.8222222222222222,
    0.900709219858156,
    0.9880239520958084,
    0.8776978417266187,
    0.9020408163265307,
    0.9395604395604396,
    0.9090909090909091,
    0.8874172185430463,
    0.9885057471264368,
    0.9493670886075949,
    0.9933774834437086,
    0.8992805755395683,
    0.8995215311004785,
    0.9947916666666666,
    0.9775280898876404,
    0.9421487603305785,
    0.9571428571428572,
    0.9856115107913669,
    0.9689119170984456,
    0.9426229508196722,
    0.8765432098765432,
    0.9027777777777778,
    0.8695652173913043,
    0.9666666666666667,
    0.989247311827957,
    1.0,
    1.0,
    0.9668874172185431,
    0.8786127167630058,
    0.952,
    0.9162011173184358,
    1.0,
    0.9615384615384616,
    0.9090909090909091,
    0.8802395209580839,
    0.9086294416243654,
    0.9264705882352942,
    0.8830409356725146,
    0.994535519125683,
    0.9214285714285714,
    0.9333333333333333,
    0.9325153374233128,
    0.9473684210526315,
    0.9644670050761421,
    0.9726775956284153,
    0.9850746268656716,
    0.9588235294117647,
    0.956140350877193,
    0.9307692307692308,
    0.946969696969697,
    0.8976377952755905,
    0.9243697478991597,
    0.9426229508196722,
    0.7912087912087912,
    0.7931034482758621,
    0.8866666666666667,
    0.9280575539568345,
    0.9337349397590361,
    0.984251968503937,
    0.935672514619883,
    0.9407894736842105,
    1.0,
    0.9943181818181818,
    0.9041916167664671,
    0.9655172413793104,
    0.9534883720930233,
    0.8758169934640523,
    0.9636363636363636,
    0.9700598802395209,
    1.0,
    1.0,
    0.9905660377358491,
    0.9631578947368421,
    0.9171597633136095,
    0.8994413407821229,
    0.9701492537313433,
    0.859375,
    1.0,
    1.0,
    0.801980198019802,
    0.9236111111111112,
    0.96,
    0.9767441860465116,
    0.989010989010989,
    0.9014084507042254,
    0.9565217391304348,
    0.8802083333333334,
    0.8984375,
    0.9438202247191011,
    0.8588235294117647,
    0.9615384615384616,
    0.8975903614457831,
    0.9657534246575342,
    0.9321266968325792,
    0.7969924812030075,
    0.7919463087248322,
    0.9696969696969697,
    0.936046511627907,
    0.9583333333333334,
    0.8795180722891566,
    0.9631901840490797,
    0.9019607843137255,
    0.9702380952380952,
    0.9529411764705882,
    0.900523560209424,
    0.861244019138756,
    0.9423076923076923,
    0.9606986899563319,
    0.8961748633879781,
    0.9879518072289156,
    0.9453551912568307,
    1.0,
    0.8888888888888888,
    0.9930555555555556,
    0.863013698630137,
    0.9148936170212766,
    0.86875,
    0.9661016949152542,
    0.940677966101695,
    0.8527918781725888,
    0.993421052631579,
    0.8385093167701864,
    0.9461538461538461,
    0.9664804469273743,
    0.9685534591194969,
    0.9945054945054945,
    0.9602272727272727,
    0.9586776859504132,
    0.9668508287292817,
    0.8947368421052632,
    0.9243243243243243,
    0.8053097345132744,
    0.8228571428571428,
    0.8992805755395683,
    0.8765432098765432,
    0.8904109589041096,
    0.985981308411215,
    0.8809523809523809,
    0.9096385542168675,
    0.9327731092436975,
    0.9536423841059603,
    0.9487179487179487,
    0.8611111111111112,
    0.9157894736842105,
    0.8342857142857143,
    0.9767441860465116,
    0.9668874172185431,
    0.8497109826589595,
    0.9116279069767442,
    0.8958333333333334,
    0.9597701149425287,
    1.0,
    0.9066666666666666,
    0.88268156424581,
    0.898989898989899,
    0.9702380952380952,
    0.9738219895287958,
    0.8895348837209303,
    1.0,
    0.9562043795620438,
    0.9802631578947368,
    0.9464285714285714,
    0.84472049689441,
    0.9758064516129032,
    0.8175675675675675,
    0.9264705882352942,
    0.8486842105263158,
    0.8905109489051095,
    0.9700598802395209,
    0.937007874015748,
    0.9943502824858758,
    0.9408602150537635,
    0.9295774647887324,
    0.9137931034482759,
    0.9915966386554622,
    1.0,
    0.7073170731707317,
    0.9579439252336449,
    0.8979591836734694,
    0.9789473684210527,
    0.9074074074074074,
    0.972972972972973,
    0.9161290322580645,
    0.9541666666666667,
    0.9433962264150944,
    0.934640522875817,
    0.963855421686747,
    0.9387755102040817,
    0.9276315789473685,
    0.9606299212598425,
    0.9828571428571429,
    0.9306930693069307,
    0.8987341772151899,
    0.9567901234567902,
    0.906832298136646,
    0.8410596026490066,
    0.9488636363636364,
    0.9552238805970149,
    0.9506172839506173,
    0.9520958083832335,
    0.9176470588235294,
    0.954954954954955,
    0.9440993788819876,
    0.9182389937106918,
    0.9319371727748691,
    0.8245614035087719,
    0.9027027027027027,
    0.9426229508196722,
    0.8442211055276382,
    0.9078014184397163,
    0.8556701030927835,
    0.9757575757575757,
    0.9635416666666666,
    0.9364161849710982,
    0.8680555555555556,
    0.8959537572254336,
    0.9166666666666666,
    1.0,
    0.9550561797752809,
    0.9166666666666666,
    0.921875,
    0.9689922480620154,
    0.9824561403508771,
    0.9846153846153847,
    0.8926174496644296,
    0.7363636363636363,
    0.7784810126582279,
    0.874251497005988,
    1.0,
    0.9644970414201184,
    0.9814814814814815,
    0.8787878787878788,
    0.8596491228070176,
    0.9635036496350365,
    0.8606060606060606,
    0.968,
    0.9758064516129032,
    1.0,
    0.976303317535545,
    0.9186046511627907,
    0.9015151515151515,
    0.8851351351351351,
    1.0,
    0.9685534591194969,
    0.91324200913242,
    0.9270833333333334,
    0.9937888198757764,
    0.9943502824858758,
    0.9612903225806452,
    0.8341968911917098,
    0.9328358208955224,
    0.9671052631578947,
    0.9337349397590361,
    0.9657534246575342,
    0.9858156028368794,
    0.8368421052631579,
    0.9890710382513661,
    0.9639175257731959,
    0.9494949494949495,
    0.9732620320855615,
    0.9702970297029703,
    0.8823529411764706,
    0.7465753424657534,
    0.8333333333333334,
    0.8388888888888889,
    0.9786096256684492,
    0.9823529411764705,
    0.8881578947368421,
    0.8,
    0.7581699346405228,
    0.9539170506912442,
    0.7926267281105991,
    0.9698795180722891,
    0.9366197183098591,
    0.9473684210526315,
    0.9928571428571429,
    0.9551282051282052,
    0.89375,
    0.9940476190476191,
    0.9823008849557522,
    1.0,
    1.0,
    0.9831460674157303,
    0.9746835443037974,
    0.9637681159420289,
    0.9558011049723757,
    0.930379746835443,
    0.9470198675496688,
    0.906832298136646,
    0.8291139240506329,
    0.9583333333333334,
    0.896,
    0.9573170731707317,
    0.9798994974874372,
    0.9117647058823529,
    0.9763313609467456,
    0.9929577464788732,
    0.9527027027027027,
    0.9675675675675676,
    0.9824561403508771,
    0.9683544303797469,
    0.88125,
    0.9526627218934911,
    0.8842105263157894,
    0.86875,
    0.9253731343283582,
    0.8901734104046243,
    0.9932885906040269,
    0.8556701030927835,
    0.9923076923076923,
    0.9545454545454546,
    0.927710843373494,
    0.9935064935064936,
    0.9769230769230769,
    1.0,
    0.9794871794871794,
    0.9025641025641026,
    0.8838709677419355,
    0.9767441860465116,
    0.9597701149425287,
    0.9705882352941176,
    0.9586776859504132,
    0.9325842696629213,
    0.9943820224719101,
    0.9668874172185431,
    0.9337016574585635,
    0.9719101123595506,
    0.9803921568627451,
    0.9476439790575916,
    0.9637681159420289,
    0.9704142011834319,
    0.986784140969163,
    0.9709302325581395,
    0.9575471698113207,
    0.9301075268817204,
    0.9949748743718593,
    0.8962962962962963,
    0.9924812030075187,
    0.9244186046511628,
    0.9403669724770642,
    0.9824561403508771,
    0.9629629629629629,
    0.8922413793103449,
    0.9736842105263158,
    0.9121621621621622,
    0.8771929824561403,
    0.9852941176470589,
    0.8907103825136612,
    0.9777777777777777,
    1.0,
    0.9942857142857143,
    0.8688524590163934,
    0.9699248120300752,
    0.9926470588235294,
    0.9637681159420289,
    1.0,
    0.9708029197080292,
    0.9591836734693877,
    0.9426751592356688,
    0.9662921348314607,
    0.9681528662420382,
    1.0,
    0.9748427672955975,
    0.9794520547945206,
    0.9741379310344828,
    0.995,
    0.9927007299270073,
    1.0,
    1.0,
    0.98,
    0.9421487603305785,
    0.9770992366412213,
    0.9146341463414634,
    0.9583333333333334,
    0.9183673469387755,
    0.8345864661654135,
    0.991304347826087,
    1.0,
    0.9513888888888888,
    0.9454545454545454,
    0.9387755102040817,
    0.8692307692307693,
    0.8888888888888888,
    0.9937888198757764,
    0.8321678321678322,
    0.9390243902439024,
    0.9915966386554622,
    0.9407407407407408,
    0.9795918367346939,
    0.9488636363636364,
    0.9731543624161074,
    0.9485294117647058,
    0.9792746113989638,
    0.9314285714285714,
    0.9236641221374046,
    0.9789473684210527,
    0.9754601226993865,
    0.9333333333333333,
    0.9461077844311377,
    0.9325153374233128,
    0.9477124183006536,
    0.9481481481481482,
    0.9007633587786259,
    1.0,
    0.8356164383561644,
    0.9775280898876404,
    1.0,
    0.9493087557603687,
    0.9573170731707317,
    0.981651376146789,
    0.9747474747474747,
    0.9476439790575916,
    0.9612903225806452,
    0.9795918367346939,
    0.9555555555555556,
    0.8777777777777778,
    0.9738562091503268,
    0.9745222929936306,
    0.9929078014184397,
    0.9942528735632183,
    0.9555555555555556,
    0.953125,
    0.9552238805970149,
    0.984,
    0.9590643274853801,
    0.9657142857142857,
    0.8881987577639752,
    0.9428571428571428,
    1.0,
    0.9856115107913669,
    0.9705882352941176,
    0.875,
    0.9620253164556962,
    1.0,
    1.0,
    0.968944099378882,
    0.958974358974359,
    0.9489795918367347,
    0.9859154929577465,
    0.993103448275862,
    0.9852941176470589,
    0.9159663865546218,
    0.936,
    0.9545454545454546,
    0.9368932038834952,
    0.9543147208121827,
    0.9622641509433962,
    0.9548387096774194,
    0.9836065573770492,
    0.9929577464788732,
    0.9646017699115044,
    0.9701492537313433,
    0.930379746835443,
    0.9170731707317074,
    0.9784172661870504,
    0.9242424242424242,
    0.9661016949152542,
    0.8926829268292683,
    0.9945652173913043,
    0.9575757575757575,
    0.9918032786885246,
    0.9935897435897436,
    1.0,
    0.8817733990147784,
    0.975,
    0.9673202614379085,
    0.9357798165137615,
    1.0,
    0.9504132231404959,
    0.992,
    0.9555555555555556,
    0.9736842105263158,
    0.9703703703703703,
    0.9924812030075187,
    0.8509615384615384,
    0.9932885906040269,
    0.9659090909090909,
    0.9537037037037037,
    0.994475138121547,
    0.994475138121547,
    0.9863013698630136,
    0.8702702702702703,
    0.9844961240310077,
    0.9745222929936306,
    0.9781021897810219,
    0.9765258215962441,
    0.8333333333333334,
    0.9681528662420382,
    0.9939759036144579,
    0.967741935483871,
    0.9166666666666666,
    0.934640522875817,
    0.9368421052631579,
    0.9325842696629213,
    0.8797814207650273,
    0.9477611940298507,
    0.965034965034965,
    0.9838709677419355,
    0.95625,
    0.9775280898876404,
    0.9295774647887324,
    0.975,
    1.0,
    0.8994708994708994,
    0.975609756097561,
    0.9580838323353293,
    0.8397435897435898,
    1.0,
    0.9051094890510949,
    0.9942196531791907,
    0.9407894736842105,
    0.9606741573033708,
    1.0,
    0.9847328244274809,
    0.9387755102040817,
    0.9785714285714285,
    1.0,
    0.8852459016393442,
    0.9020618556701031,
    0.9939759036144579,
    0.85625,
    0.9263803680981595,
    0.9945652173913043,
    0.9689922480620154,
    0.971830985915493,
    1.0,
    0.9927007299270073,
    0.9319727891156463,
    0.946524064171123,
    0.9195979899497487,
    0.9583333333333334,
    1.0,
    0.963855421686747,
    0.8847926267281107,
    0.9917355371900827,
    0.9157303370786517,
    0.9851485148514851,
    1.0,
    1.0,
    0.9135135135135135,
    0.9743589743589743,
    0.9124087591240876,
    0.9420289855072463,
    0.9485714285714286,
    0.9724137931034482,
    1.0,
    0.9848484848484849,
    0.9411764705882353,
    0.983739837398374,
    1.0,
    0.986013986013986,
    0.9196428571428571,
    0.9423076923076923,
    0.9767441860465116,
    0.9084967320261438,
    0.9919354838709677,
    0.9534883720930233,
    0.9647887323943662,
    0.9727891156462585,
    0.9393939393939394,
    0.9840425531914894,
    0.9699248120300752,
    0.9390243902439024,
    0.9796954314720813,
    0.9555555555555556,
    0.967948717948718,
    0.9864864864864865,
    0.9308510638297872,
    0.9666666666666667,
    0.9241379310344827,
    0.9025974025974026,
    0.9935897435897436,
    0.9294117647058824,
    0.8846153846153846,
    0.90625,
    0.9310344827586207,
    0.8367346938775511,
    0.9803921568627451,
    0.9702380952380952,
    0.9692307692307692,
    0.9632352941176471,
    0.9625668449197861,
    0.989247311827957,
    0.9805194805194806,
    0.9454545454545454,
    0.9574468085106383,
    0.9612903225806452,
    0.9296875,
    0.9568345323741008,
    0.967741935483871,
    0.8933333333333333,
    0.9618320610687023,
    0.9215686274509803,
    0.9491525423728814,
    0.9647887323943662,
    0.9301075268817204,
    0.953125,
    0.8818897637795275,
    0.9941860465116279,
    0.9717514124293786,
    0.9834254143646409,
    0.9417989417989417,
    0.9779411764705882,
    0.9931972789115646,
    0.9226519337016574,
    0.975609756097561,
    0.9836065573770492,
    0.9393939393939394,
    0.9558011049723757,
    0.9834254143646409,
    0.9348837209302325,
    0.9101123595505618,
    0.9770114942528736,
    0.9752066115702479,
    0.9942196531791907,
    0.9629629629629629,
    0.9934640522875817,
    1.0,
    0.9705882352941176,
    0.9869281045751634,
    0.9701492537313433,
    0.9939393939393939,
    0.9234972677595629,
    0.984375,
    0.953125,
    0.9770114942528736,
    0.9421965317919075,
    0.9832402234636871,
    0.98125,
    0.9957446808510638,
    0.989010989010989,
    0.9948979591836735,
    0.9239766081871345,
    1.0,
    0.9746192893401016,
    0.9,
    0.8874172185430463,
    0.9551282051282052,
    1.0,
    0.9568345323741008,
    0.9170506912442397,
    0.9487179487179487,
    1.0,
    0.9693251533742331,
    1.0,
    0.9325842696629213,
    0.7967914438502673,
    0.9664804469273743,
    0.9357798165137615,
    0.9548387096774194,
    1.0,
    0.9935897435897436,
    0.9795918367346939,
    0.9784172661870504,
    0.9741935483870968,
    0.9444444444444444,
    0.9581151832460733,
    1.0,
    0.9299363057324841,
    0.9861111111111112,
    0.9671052631578947,
    0.9722222222222222,
    0.984,
    0.9701492537313433,
    0.968,
    0.9454545454545454,
    0.9814814814814815,
    1.0,
    0.963855421686747,
    0.9857142857142858,
    0.9662921348314607,
    0.9567567567567568,
    0.9789473684210527,
    0.9090909090909091,
    0.9425287356321839,
    0.9642857142857143,
    0.9675324675324676,
    0.9528795811518325,
    0.9338842975206612,
    0.9827586206896551,
    0.9254658385093167,
    0.963302752293578,
    0.9568345323741008,
    0.9255813953488372,
    0.9547738693467337,
    0.9378238341968912,
    0.9939759036144579,
    0.8423236514522822,
    1.0,
    0.9864253393665159,
    0.9937106918238994,
    0.9925373134328358,
    0.9746835443037974,
    0.9661016949152542,
    0.9281437125748503,
    0.9884393063583815,
    0.93,
    0.9202453987730062,
    0.9850746268656716,
    0.934640522875817,
    0.9560439560439561,
    0.9803921568627451,
    0.9791666666666666,
    0.9387755102040817,
    0.9787234042553191,
    1.0,
    0.9440993788819876,
    0.8206896551724138,
    0.9548387096774194,
    0.8814814814814815,
    0.9935064935064936,
    1.0,
    0.9770992366412213
  ],
  "val_loss": [
    0.378159140828138,
    0.33286945187240374,
    0.2966629505378775,
    0.2680812963736382,
    0.23594038196295353,
    0.2381573552726814,
    0.22729606787862502,
    0.22427459494270058,
    0.2126804258820273,
    0.2218433681604106,
    0.20408368250766776,
    0.20722882170452442,
    0.22206914806304615,
    0.21421209125107918,
    0.21175865978307581,
    0.21585395610812244,
    0.2460747572042065,
    0.2338309945511718,
    0.2275872087247964,
    0.2019474100157035,
    0.20552485470757262,
    0.21149394566487473,
    0.21155460574367785,
    0.20416875426643544,
    0.20640174500943315,
    0.20497429890085053,
    0.20915887597744545,
    0.22254084277065775,
    0.22225243287750315,
    0.23207549467892616,
    0.24370495903609735,
    0.21555851030972487,
    0.21884238686023108,
    0.22762175271936697,
    0.22562602102263227,
    0.22997675519955948,
    0.23048938013179712,
    0.23000921107037586,
    0.23273743152457307
  ],
  "val_acc": [
    0.8882387361029842,
    0.9003803393797543,
    0.9047688706846109,
    0.9094499707431246,
    0.9133996489174956,
    0.9157401989467525,
    0.9138385020479812,
    0.9232007021650088,
    0.9230544177881802,
    0.9150087770626097,
    0.9248098303101229,
    0.9289057928613225,
    0.9234932709186658,
    0.9226155646576946,
    0.9153013458162669,
    0.9016968987712113,
    0.8867758923346987,
    0.9280280866003511,
    0.9278818022235226,
    0.9270040959625512,
    0.930661205383265,
    0.9075482738443534,
    0.9199824458747806,
    0.9232007021650088,
    0.9283206553540082,
    0.9212990052662375,
    0.9144236395552955,
    0.926711527208894,
    0.9164716208308953,
    0.926418958455237,
    0.9256875365710943,
    0.9179344645991808,
    0.92510239906378,
    0.9120830895260387,
    0.9122293739028672,
    0.9144236395552955,
    0.921152720889409,
    0.917203042715038,
    0.9232007021650088
  ]
}