{
  "train_loss": [
    1.392442226409912,
    1.1849231608211994,
    1.1593216881155968,
    1.4561296552419662,
    1.14977743383497,
    1.0772745180875063,
    0.9345184490084648,
    1.008311728015542,
    1.2647248096764088,
    1.0382155450060964,
    1.3266213089227676,
    1.040381994098425,
    1.0399895459413528,
    1.0949073396623135,
    0.9880192223936319,
    1.015364233404398,
    1.0038339160382748,
    0.9727885350584984,
    0.9615580039098859,
    0.9904630817472935,
    0.9550414010882378,
    0.8813827950507402,
    0.7162759210914373,
    0.7165942415595055,
    0.7527057118713856,
    0.7839625123888254,
    0.661724392324686,
    0.7477545570582151,
    0.5646008923649788,
    0.6070869509130716,
    0.68067148886621,
    0.5452829394489527,
    0.7402018029242754,
    0.6457558125257492,
    0.6964022917672992,
    0.5447299126535654,
    0.6164168445393443,
    0.44447256810963154,
    0.3889714665710926,
    0.3908366500400007,
    0.4463351974263787,
    0.44078730372712016,
    0.5747160161845386,
    0.5158200254663825,
    0.34648739406839013,
    0.49572355672717094,
    0.4860461715143174,
    0.30600623320788145,
    0.5354234571568668,
    0.5106999846175313,
    0.4163756025955081,
    0.3990293205715716,
    0.3318034317344427,
    0.4461429037619382,
    0.6090760622173548,
    0.7504688461776823,
    0.4529273924417794,
    0.28312470810487866,
    0.6897256742231548,
    0.5827532997354865,
    0.47893978375941515,
    0.3338737920857966,
    0.5227779080159962,
    0.4515095301903784,
    0.5335908145643771,
    0.3719344409182668,
    0.3511234768666327,
    0.6478565274737775,
    0.2956528658978641,
    0.4984664744697511,
    0.5050398563034832,
    0.5772456470876932,
    0.5228891433216631,
    0.5890911933965981,
    0.4240867542102933,
    0.5498034614138305,
    0.3604425152298063,
    0.3126880726777017,
    0.4492222988046706,
    0.3746986063197255,
    0.20866404194384813,
    0.2576751532033086,
    0.5125303287059069,
    0.66455371491611,
    0.3247949820943177,
    0.2522960901260376,
    0.2616082625463605,
    0.4866442857310176,
    0.43096888344734907,
    0.3894228236749768,
    0.3105903572868556,
    0.6783372850622982,
    0.35308047919534147,
    0.4723865184932947,
    0.22499638237059116,
    0.3571964844595641,
    0.29335222230292857,
    0.3091909741051495,
    0.4774176846258342,
    0.21484895586036146,
    0.3764934448990971,
    0.4023156720213592,
    0.1867202518042177,
    0.5068097813054919,
    0.34658387396484613,
    0.2783588650636375,
    0.20676089078187943,
    0.3669501005206257,
    0.38437306601554155,
    0.35865698964335024,
    0.2495021994691342,
    0.3877908148569986,
    0.25801412272267044,
    0.5541378282941878,
    0.5854163316544145,
    0.5403421188239008,
    0.31678692519199103,
    0.33321796846576035,
    0.35130719584412873,
    0.3620531568303704,
    0.41041769785806537,
    0.285068174242042,
    0.4420766308903694,
    0.1691900419536978,
    0.4440306348260492,
    0.4354740756098181,
    0.30988848162814975,
    0.4318762441398576,
    0.285723639652133,
    0.15007168240845203,
    0.17377205763477832,
    0.18483980768360198,
    0.5812797986436635,
    0.14861701751942746,
    0.29324317269492894,
    0.42352076165843755,
    0.5101925297058187,
    0.37826154683716595,
    0.27667843794915825,
    0.29812818282516673,
    0.5413476277608424,
    0.34272841608617455,
    0.4537286413833499,
    0.3195951886009425,
    0.41805650817696005,
    0.26986898633185774,
    0.31781572150066495,
    0.19488838245160878,
    0.2471409251447767,
    0.37542130309157073,
    0.2766315288608894,
    0.3649707332951948,
    0.2788919609738514,
    0.4276941756834276,
    0.14173024671617895,
    0.44084698893129826,
    0.3284932524547912,
    0.3660555743263103,
    0.30711077494197525,
    0.36154057120438665,
    0.24120234441943467,
    0.14781546854646876,
    0.2972787441685796,
    0.35123006586218253,
    0.2870225912774913,
    0.25265040365047753,
    0.408865198813146,
    0.39693329337751493,
    0.1419833656400442,
    0.2686179375741631,
    0.5616048309602775,
    0.21110431652050465,
    0.1275490046828054,
    0.3703019169624895,
    0.4624925266834907,
    0.31996015552431345,
    0.4214929341105744,
    0.4291948304162361,
    0.3195342542603612,
    0.2594589476357214,
    0.5412705775815994,
    0.27352568542119116,
    0.17021158384159207,
    0.19585858337813988,
    0.4304363384435419,
    0.6267269793897867,
    0.45174954005051404,
    0.23515751614468172,
    0.3965024505741894,
    0.18976135621778667,
    0.21829267693101428,
    0.4180937859346159,
    0.23301082919351757,
    0.19297272761468776,
    0.2529914663609816,
    0.5718864164955448,
    0.28354805916023906,
    0.3512563065451104,
    0.10669760656310245,
    0.41822575106925797,
    0.4332437742850743,
    0.3712728340178728,
    0.1453286518517416,
    0.18687506511923857,
    0.3918552054092288,
    0.2630880873184651,
    0.20070216816384345,
    0.2824784615659155,
    0.3655095883877948,
    0.27095355102210306,
    0.26331153366481885,
    0.5656400251536979,
    0.4312135858053807,
    0.35006354592042044,
    0.21694466410554014,
    0.30791329237399623,
    0.23854880931321532,
    0.5031960057967808,
    0.17330653953831643,
    0.4253735239326488,
    0.30188150526373647,
    0.2874217772332486,
    0.332494060479803,
    0.2749766671913676,
    0.28362297551939264,
    0.323763724998571,
    0.25622250902233645,
    0.5821633205705439,
    0.43383339379215613,
    0.12753249279921874,
    0.20168464360176586,
    0.18571084733412135,
    0.2227563495398499,
    0.2730099904292729,
    0.30126123694935814,
    0.34307015195372514,
    0.36058526574925054,
    0.5360264405899215,
    0.09873284058994614,
    0.2527342428220436,
    0.2743653828802053,
    0.17607639956986532,
    0.37146698313881643,
    0.31666944883181714,
    0.31935212813550606,
    0.32995472991024144,
    0.15693692717468366,
    0.202828166045947,
    0.24437064860467217,
    0.32777891531804926,
    0.6035828179847158,
    0.38689853632240556,
    0.2017250032222364,
    0.24752825062023476,
    0.481393979745917,
    0.1421808944141958,
    0.15545460625435226,
    0.4198226806183811,
    0.35543063923250884,
    0.21330912527628243,
    0.5941542087239213,
    0.32188380300067365,
    0.3294944221852347,
    0.29938916652463377,
    0.3267656690441072,
    0.2502346932888031,
    0.2152321757748723,
    0.23088868334889412,
    0.37023862765636295,
    0.2749433250282891,
    0.31133032421348616,
    0.40923958556959406,
    0.45255862586782314,
    0.2699934220436262,
    0.4764389294432476,
    0.5313145721447654,
    0.17472256149630994,
    0.30172831076197326,
    0.1754567594616674,
    0.41131344728637487,
    0.15891876711975783,
    0.21451100328704342,
    0.373316224780865,
    0.3643871149979532,
    0.3010755380964838,
    0.20446592092048377,
    0.2774572517373599,
    0.3848187701078132,
    0.19590863891062327,
    0.4402243783697486,
    0.19506188681407366,
    0.2869170469639357,
    0.2469094660191331,
    0.44439825281733647,
    0.3950595401111059,
    0.21430834848433733,
    0.43852965006954037,
    0.3300352296064375,
    0.22540919540915638,
    0.20942759979516268,
    0.23681417235638946,
    0.14717788324924186,
    0.1608534695697017,
    0.20859684815513901,
    0.2509919604926836,
    0.31945638297474943,
    0.5465695461753057,
    0.1578952990239486,
    0.222653985460056,
    0.2543951185652986,
    0.30915672160335816,
    0.5053544968250208,
    0.25247211501118727,
    0.1348025921615772,
    0.2228576336419792,
    0.3624205544911092,
    0.18812408216035692,
    0.0827549994137371,
    0.15286530629964545,
    0.3411838790852926,
    0.4458799493149854,
    0.2709745502070291,
    0.2803645482636057,
    0.24633031092525925,
    0.442512931098463,
    0.29500339883816196,
    0.32540229137521237,
    0.1846405692776898,
    0.2663244487193879,
    0.1452748785741278,
    0.24792621708184015,
    0.23498561172164045,
    0.25336556653201114,
    0.43074049841379747,
    0.3006365295732394,
    0.29172203422058374,
    0.26946232876798604,
    0.16103812142682727,
    0.10149806208573864,
    0.11948340589697182,
    0.15245693140968797,
    0.2496075528251822,
    0.4054470682021929,
    0.6878494759002933,
    1.1768874110930483,
    0.17761581068771193,
    0.1714201227441663,
    0.3074501540977508,
    0.31272870730026625,
    0.28000619856175035,
    0.33726137019402813,
    0.25193076781579293,
    0.2352618945587892,
    0.27035446753143333,
    0.24381616967730224,
    0.2893338349822443,
    0.2780444669188,
    0.213472198243835,
    0.574792223967961,
    0.1986618962364446,
    0.24852729451959021,
    0.2909980225376785,
    0.26780964972567745,
    0.221309587774158,
    0.29693884903826984,
    0.22938092895492446,
    0.17836304270895198,
    0.18421376039623283,
    0.3319327739736764,
    0.1928006791858934,
    0.25730126815324184,
    0.19924279436963843,
    0.13317194172122981,
    0.29717093468934763,
    0.1968975350027904,
    0.27777062574750744,
    0.25104012465453707,
    0.4004830751218833,
    0.05297823225191678,
    0.2558849196720985,
    0.2871138029186113,
    0.3071536028000992,
    0.28378824626270216,
    0.24468476144829765,
    0.11338049679761752,
    0.40508714807219803,
    0.1065366000548238,
    0.2752364265761571,
    0.2044857698638225,
    0.34892701425997075,
    0.3396264807379339,
    0.28712472199549666,
    0.2712992040978861,
    0.16823398645647103,
    0.17827181340544485,
    0.13841548965137918,
    0.3501435967882571,
    0.21264170737413224,
    0.31858475353510585,
    0.24055973972281208,
    0.5042434879724169,
    0.25402857456356287,
    0.14435624168254435,
    0.2518488437635824,
    0.1804957302956609,
    0.1542933457021718,
    0.23504652810152038,
    0.15712399131734855,
    0.12192146179222618,
    0.20668331937486073,
    0.12093426175852073,
    0.2343516495457152,
    0.21131928967224667,
    0.17540548726537963,
    0.2795490698154026,
    0.49620941306784516,
    0.3215245442042942,
    0.10913729641106329,
    0.1799702148528013,
    0.4290560063018347,
    0.37789082714152755,
    0.18891485182393808,
    0.20695104703190736,
    0.14007022804798908,
    0.2558729245210998,
    0.4042441662604688,
    0.2060292288515484,
    0.317028586709057,
    0.14172024297295138,
    0.28262283439107705,
    0.18338169034541352,
    0.2012427016888978,
    0.1888448773388518,
    0.27257156105770264,
    0.2801694822119316,
    0.2981798453183728,
    0.20987792998494115,
    0.09646411155699752,
    0.20976873353356495,
    0.15387274786189664,
    0.1778666865429841,
    0.21686513187160017,
    0.37803952691319864,
    0.3822685904233367,
    0.23013753210398136,
    0.18461662129266188,
    0.1435549715783314,
    0.33100858268335287,
    0.16406739922240376,
    0.11329147139622364,
    0.30247839520598063,
    0.15737185681064148,
    0.16903974206798011,
    0.08350996031003888,
    0.3775621941895224,
    0.09721099172020331,
    0.2611661333376105,
    0.198495380798704,
    0.25166154000908136,
    0.1651959215523675,
    0.20845878138788976,
    0.2249111406490556,
    0.06268836428716895,
    0.16385225130215986,
    0.15721847982422332,
    0.19868723131367005,
    0.15250137955808896,
    0.09939947379098157,
    0.13003740604472114,
    0.3345206308949855,
    0.17499131306976778,
    0.11327487705057138,
    0.090587756707464,
    0.14709285965000163,
    0.2668804968452605,
    0.10172400066585396,
    0.08394277979823528,
    0.1323642683637445,
    0.30887204322061734,
    0.24817417161648336,
    0.13114712999595213,
    0.11831176680425415,
    0.24546915693645133,
    0.09137732991075609,
    0.19812491338234395,
    0.2879482958396693,
    0.2660335406908416,
    0.28573922166833654,
    0.20740481796383392,
    0.1968280706787482,
    0.09581091663858388,
    0.2194978363768314,
    0.2513193724589655,
    0.15467117062507896,
    0.24418328791944077,
    0.09344534019328421,
    0.28026933227374684,
    0.07490224700086401,
    0.12666246478329413,
    0.1308923739452439,
    0.4476483036632999,
    0.33377274112353916,
    0.11497490492183715,
    0.09375963320781011,
    0.11465823442995315,
    0.2518420901178615,
    0.09547404192198883,
    0.07763362313562538,
    0.2343316294500255,
    0.19566891734939418,
    0.09183807901899854,
    0.09232530879125989,
    0.22686697501922026,
    0.25175586389013915,
    0.09384343926467409,
    0.3747258287803561,
    0.5167929793988151,
    0.1202106720811571,
    0.09458638139039977,
    0.23880826404638356,
    0.1958196118066553,
    0.28084002538525965,
    0.22600313463772181,
    0.19051714178931434,
    0.10305941577098565,
    0.08981204994415748,
    0.15979880767554278,
    0.05809964702712023,
    0.24919772106659366,
    0.211789526460052,
    0.24940758480624936,
    0.08602142681775149,
    0.13441824892470322,
    0.04032129370534676,
    0.15494656577175192,
    0.15387802509394533,
    0.05717867647581443,
    0.1827394888859999,
    0.15112431035413465,
    0.20463385577022564,
    0.1405315479123601,
    0.3260369077215728,
    0.25241368197021075,
    0.09538305617752485,
    0.2464905574088334,
    0.18970458644889732,
    0.13944944701506756,
    0.329887485706422,
    0.1430020148127369,
    0.08264284529832366,
    0.13036705412923766,
    0.15527161089266883,
    0.1953487986465916,
    0.22836569276842056,
    0.10268733453267487,
    0.08825580519260257,
    0.170959341165144,
    0.2906025485845021,
    0.24073218442572397,
    0.13800713980890578,
    0.20684270099445712,
    0.11274043492267083,
    0.07394769740858465,
    0.20897466862516012,
    0.15841329420618422,
    0.2396320600855688,
    0.28653438534729503,
    0.13095209647508455,
    0.0665098205281538,
    0.08495090700671426,
    0.0960596469885786,
    0.14211605668242555,
    0.19982675208029832,
    0.12669449066743255,
    0.2974487003812101,
    0.1300733429243337,
    0.170616069521202,
    0.12736082601350063,
    0.12107821318386414,
    0.052177178978126904,
    0.2904264978351421,
    0.1752344062733755,
    0.23629393967348733,
    0.07533124673500424,
    0.13065879118403245,
    0.3224002810748061,
    0.2747980580388685,
    0.1278772963960364,
    0.11356490851358103,
    0.13707350830372889,
    0.29838294411820243,
    0.2278261063656828,
    0.055961001502510044,
    0.20576115556468721,
    0.16789361121846014,
    0.06992377764254343,
    0.174579359976633,
    0.24057437612918875,
    0.1601265005319874,
    0.0313713261311932,
    0.19145467407906835,
    0.21908400169559172,
    0.15032069126118586,
    0.13619874402866117,
    0.19421705037348147,
    0.11886047520056309,
    0.06555321910855127,
    0.18569861364630924,
    0.19347755098533526,
    0.21056312495784368,
    0.2066714683896862,
    0.2597376453122706,
    0.08711041282185761,
    0.13077637251535634,
    0.036027578433277085,
    0.18102331763839175,
    0.30096276559197577,
    0.11468450998108892,
    0.171848573256284,
    0.08365193250938319,
    0.15163836006649944,
    0.0735455623935195,
    0.3148439958504241,
    0.19825615385343553,
    0.3459425414175712,
    0.1136067652496422,
    0.05699259698485548,
    0.10564709448044596,
    0.07120171813221532,
    0.08655242797794926,
    0.26034610786700796,
    0.15234132922705612,
    0.21933051656833413,
    0.09990904422011226,
    0.1682040728337597,
    0.4363126647122044,
    0.24089448069753416,
    0.13658076446517953,
    0.03268845881757443,
    0.15624566584665445,
    0.17515179445763351,
    0.18333253786113346,
    0.1992118037715045,
    0.26172105638397625,
    0.26302971515542595,
    0.09329265135784226,
    0.07899099092355755,
    0.14848917492781766,
    0.1550548846116726,
    0.14400940172708943,
    0.09957994932301517,
    0.1516618053392449,
    0.05184912365984928,
    0.07303979632342816,
    0.09969825503503671,
    0.1732214264502545,
    0.15929427707305877,
    0.14192148705660657,
    0.13211799049349793,
    0.08125664702129143,
    0.14215635880100308,
    0.05521601996861136,
    0.09427706954738824,
    0.20120031206897693,
    0.1040796124470944,
    0.12502772103107418,
    0.09813431744623813,
    0.040256679759295366,
    0.3337512560246978,
    0.18294819406219176,
    0.1746176444721641,
    0.06782115057467308,
    0.20560214213674044,
    0.18560849879941088,
    0.11723150441684993,
    0.12198575830188929,
    0.09073300462114275,
    0.10630938410668023,
    0.08918691220605979,
    0.33714673505164683,
    0.23517306744906818,
    0.19638714423581405,
    0.012933992252328608,
    0.21679209276499023,
    0.5808584061287547,
    0.10372515670223947,
    0.2908128101280454,
    0.06387802712561097,
    0.10012637379804801,
    0.2832502544306408,
    0.12015721448369732,
    0.27119201647292357,
    0.04253973516642873,
    0.35675762393111654,
    0.18614450276072603,
    0.11294445642124629,
    0.20453122308936145,
    0.07862182366807247,
    0.10609177640799317,
    0.09541672047635075,
    0.21670726895536063,
    0.2252037308171566,
    0.36917888976677204,
    0.17219627779559232,
    0.06864974406562396,
    0.05806978444525157,
    0.1306254197661474,
    0.3395622554962756,
    0.09155178168657585,
    0.20430374680290697,
    0.3939206927680061,
    0.04154829365143087,
    0.08882507227281167,
    0.10700638752314262,
    0.17458222768618725,
    0.1309017523235525,
    0.25568212992948247,
    0.10121873735261033,
    0.10868720061262138,
    0.13779416323814075,
    0.09667829181489651,
    0.08591589792922605,
    0.05400158940938127,
    0.19719509565038607,
    0.09022385554635548,
    0.1738871052293689,
    0.14245909661622136,
    0.26389793822090724,
    0.21521683777973522,
    0.16425503336358815,
    0.28283011389248713,
    0.13680572226257937,
    0.36012907086114865,
    0.12897263442573603,
    0.2125650966172543,
    0.11815177382959519,
    0.36327794970202376,
    0.24145308318838943,
    0.1360073013274814,
    0.17498031849754625,
    0.07183673985491623,
    0.17001515663832834,
    0.17145925157456077,
    0.06603991513111396,
    0.11685822635627119,
    0.08041711137775565,
    0.09329279146550107,
    0.10517333927055006,
    0.07426343852966966,
    0.17543054512862,
    0.08631591291850782,
    0.10485322535896557,
    0.07902485255908687,
    0.39209569047307014,
    0.27153930864005815,
    0.050443814285245026,
    0.15600935811016825,
    0.10387282160081668,
    0.06932877854706021,
    0.040887644221584196,
    0.15974270214428543,
    0.25045284391308087,
    0.16975243349043012,
    0.1318739001853828,
    0.1717124815304487,
    0.1283808134858191,
    0.07383831680454023,
    0.1798477581323823,
    0.1740439381574106,
    0.08377318932070921,
    0.2598537707599462,
    0.04183795510834898,
    0.010653951716449228,
    0.05063757222796994,
    0.05578860722380341,
    0.18337836804130347,
    0.12853464857835206,
    0.18238433084570715,
    0.15789577088071383,
    0.1267105390325014,
    0.17828108208959748,
    0.14531528057159449,
    0.1261044000129914,
    0.16060640360046818,
    0.09211311205945094,
    0.14592623758471746,
    0.31176269343632157,
    0.09761277821053227,
    0.1766942094982369,
    0.16379788593712874,
    0.3191009825522997,
    0.16470581406792917,
    0.1921153613620845,
    0.19079091153980698,
    0.21099717474135105,
    0.02538490245842695,
    0.07748456918398006,
    0.164598436011147,
    0.10247502191305102,
    0.12953293610553374,
    0.08790265356947202,
    0.16082182157242642,
    0.22023953965253895,
    0.10652854197178385,
    0.06685430151355831,
    0.08202318807252595,
    0.021577424320639693,
    0.20037616599984176,
    0.20135954332727124,
    0.2792273114573618,
    0.05151235555695166,
    0.15232026153262268,
    0.17197432350258168,
    0.10495741493377864,
    0.17425910724887217,
    0.20776372252657893,
    0.23049944487001994,
    0.10841075080315932,
    0.1123381043162226,
    0.04422901685938996,
    0.15037658334767912,
    0.11029646380484337,
    0.06703105022097589,
    0.12210802380013774,
    0.13776236011744913,
    0.026188130781974905,
    0.10060582068854274,
    0.12045913956262666,
    0.226837866560345,
    0.4598622562498349,
    0.18975321219659236,
    0.11179582192835369,
    0.15045703746727668,
    0.12586102793284226,
    0.13415702850215894,
    0.13243426099870703,
    0.08657439189937577,
    0.15697262053254235,
    0.18173676313881515,
    0.1605663987720618,
    0.09596512853750028,
    0.12862507319732686,
    0.06435410643553041,
    0.05431714497444773,
    0.08620292405612417,
    0.4167626326852769,
    0.07034619575460965,
    0.19003230785347114,
    0.07461112010241777,
    0.014814130494414712,
    0.10943692954788276,
    0.16014714261427798,
    0.2126662396985921,
    0.2617188895428626,
    0.18805476023703704,
    0.07412162412038015,
    0.055365987744153244,
    0.21387127653565585,
    0.09256984947569435,
    0.06239452820227598,
    0.08113651321946236,
    0.0673720978829806,
    0.16572017341786704,
    0.16222313909065633,
    0.1358702675352106,
    0.14142999709451942,
    0.1690672458471454,
    0.12581726276084737,
    0.19035231066391134,
    0.12237090838425502,
    0.1629189342393147,
    0.22582775971932278,
    0.21853840096082422,
    0.2520567016908899,
    0.10484735290629033,
    0.16104822586567025,
    0.27005422920501587,
    0.08102079975378729,
    0.07294601240391785,
    0.019997550380139728,
    0.2702394288062351,
    0.128322169142848,
    0.09403704467513307,
    0.03846929693190759,
    0.08099576748281834,
    0.30837340416474035,
    0.09792777377242601,
    0.3460777315794985,
    0.18628257327509345,
    0.07349631487522856,
    0.11651412570972752,
    0.19977996166790035,
    0.030586987702008628,
    0.1855001235536682,
    0.22297962204538635,
    0.11004071936349646,
    0.10793118245419464,
    0.11938935462103473,
    0.07288397644788347,
    0.12422113442153204,
    0.06054065498028649,
    0.04966804484502063,
    0.16297870596827124,
    0.13927285655518062,
    0.05752497537105228,
    0.04254283209775167,
    0.13205681507315603,
    0.1352877815534157,
    0.0811556898697745,
    0.05503404149567359,
    0.10606928793458792,
    0.132442745481967,
    0.10060265472111496,
    0.048059850923891645,
    0.0604099309839512,
    0.11313996576336649,
    0.05733158715565878,
    0.13401428322868014,
    0.10517910391081386,
    0.13491654757626748,
    0.1178189080383163,
    0.14191025908758093,
    0.07293709808436688,
    0.11978206069397856,
    0.03431996532162884,
    0.011330925209222187,
    0.11349140997208451,
    0.2077152149286121,
    0.14604479329682363,
    0.12214622133433295,
    0.16870593154635571,
    0.2559113150164194,
    0.23924012664974725,
    0.09116297284799657,
    0.2055349214033413,
    0.12215520050085615,
    0.063850033633571,
    0.033033503179467516,
    0.05304681369852915,
    0.07181816171851096,
    0.11441538870712975,
    0.15278324039536528,
    0.04589677950798432,
    0.07038707758783858,
    0.13073529110624804,
    0.05275563245959347,
    0.17358466134646733,
    0.009743815378897125,
    0.13359479947530417,
    0.10064186021372734,
    0.17173782096688228,
    0.1482196504239255,
    0.06469608653605974,
    0.009707810597319622,
    0.11729361953985062,
    0.25215572451998014,
    0.033468536465079524,
    0.19883116260280076,
    0.075036190879473,
    0.07761463007136626,
    0.07945308276612195,
    0.2158633396938967,
    0.0640401179989567,
    0.09143952198337502,
    0.12897453286677774,
    0.09594056416790409,
    0.07516390445016441,
    0.1741582137910882,
    0.04577220809278515,
    0.04764347444506711,
    0.13223611029116,
    0.08038167397353391,
    0.06170543434564024,
    0.18616350792672165,
    0.16637741510749038,
    0.12705629815900465,
    0.00533524063303048,
    0.025688857054774417,
    0.058521968818695314,
    0.14980283611521372,
    0.05872839086532622,
    0.07223839356083772,
    0.025162992893910996,
    0.08174362049476258,
    0.06275042479228432,
    0.06992757268062633,
    0.12952092122668546,
    0.0512598175655512,
    0.198357940544156,
    0.053584905214393075,
    0.07151644337682228,
    0.02021660144237103,
    0.03386403163403884,
    0.14465981434841524,
    0.087925536007333,
    0.08400394887758011,
    0.15072654285040699,
    0.08378518172730764,
    0.14261777313913626,
    0.3603351426663721,
    0.03605890816788815,
    0.10084590444330388,
    0.036985849569646234,
    0.2553348194751379,
    0.11833817052342965,
    0.058329556012722605,
    0.16672717362598632,
    0.12403982144860493,
    0.26586033664898423,
    0.07469673970081203,
    0.13748869598202873,
    0.09923534363224462,
    0.14265189931029454,
    0.36999630843547493,
    0.16654254351760756,
    0.08024233367086708,
    0.0966930458225761,
    0.07015641304951714,
    0.0042876770889961335,
    0.036280349829212355,
    0.0846431575346287,
    0.1186817347397664,
    0.12270071905095392,
    0.019878874631558574,
    0.09629182402568404,
    0.08814699200593168,
    0.02218405131407053,
    0.22999254791557178,
    0.07059983629278577,
    0.19183799133224966,
    0.13079634008227004,
    0.09150598567612178,
    0.18909735062879918,
    0.2932178967021173,
    0.03813679308768769,
    0.18014018241410668,
    0.11846553847044561,
    0.03148275597686734,
    0.06775615132846724,
    0.07596945388741005,
    0.05086835190013517,
    0.2152170182125701,
    0.02811831728740799,
    0.171977828404124,
    0.09545218011589895,
    0.27634639248753956,
    0.05170085045938322,
    0.13111074282369373,
    0.03458787393356033,
    0.20422999223046645,
    0.004002655479780515,
    0.0585366965706271,
    0.08088263516947336,
    0.06664456371436245,
    0.057459711352748855,
    0.06773024801168503,
    0.023116170761113608,
    0.20822683281130594,
    0.09548528917912336,
    0.03939788908519404,
    0.06443045106516365,
    0.00876411926401488,
    0.07018941960814118,
    0.02960725537741382,
    0.0955885595262771,
    0.12218390431917214,
    0.08445535146711336,
    0.03786096755811741,
    0.09810070359071688,
    0.09627256808653328,
    0.14071561343462236,
    0.11819601914157829,
    0.03890757730914629,
    0.07076617161419563,
    0.035930794963860535,
    0.10911616195699025,
    0.1507924793068014,
    0.19622358615742996,
    0.13230175276021328,
    0.09442519158255891,
    0.09326976856755209,
    0.15085470703843384,
    0.2236490236100508,
    0.17014471549100563,
    0.024808343141557998,
    0.18850147179728083,
    0.03964720703152125,
    0.14686475897906348,
    0.12370019521586073,
    0.16802669574462925,
    0.0942226096176455,
    0.09912046680165076,
    0.2800510184642917,
    0.09453678526506337,
    0.05245507808649563,
    0.08473901590878086,
    0.04622267651575385,
    0.04644054203617998,
    0.10005645653836837,
    0.07089002221800911,
    0.17015398824878503,
    0.014520889545565296,
    0.10630370161379687,
    0.054915099799472955,
    0.08595820219761663,
    0.07509936175938492,
    0.08193553918681573,
    0.24794144026100184,
    0.035407321921411494,
    0.022498659473512816,
    0.09958822656335542,
    0.18867916635008442,
    0.046303542538225884,
    0.1147791426292315,
    0.10430694726346701,
    0.09112692805138067,
    0.041685121699629235,
    0.1788159357006407,
    0.04681052520936646,
    0.17678845371028729,
    0.017092115125706187,
    0.033544103195708885,
    0.11813217751750926,
    0.10618926464394463,
    0.0963906975594,
    0.05822909405651444,
    0.07084618136968857,
    0.24569385532777233,
    0.12118696756715508,
    0.17014319948157208,
    0.06271232958442852,
    0.06436839952039008,
    0.09196136133869004,
    0.08176458537946019,
    0.03471506876121566,
    0.23970779099181527,
    0.07550229088701599,
    0.11797796247356018,
    0.07456074816764158,
    0.11674889589266968,
    0.07175466548414988,
    0.17865074319433916,
    0.013032182596361963,
    0.15104756434266164,
    0.04346263401930628,
    0.026890585469118378,
    0.07788629083825072,
    0.0739295080093143,
    0.2694262226780211,
    0.06208291099574126,
    0.26384198748019116,
    0.08793610890097625,
    0.31355034092848655,
    0.07317320294168894,
    0.11432500426508341,
    0.09951286196655929,
    0.11318475799362204,
    0.06429017735081288,
    0.010719759306994092,
    0.07309120841273398,
    0.0620354042694089,
    0.1849970368484719,
    0.04424426060495534,
    0.19396900988613197,
    0.05721968587158699,
    0.054773912066593766,
    0.10622702109867532,
    0.14949920790331817,
    0.054093214775093656,
    0.07682605563604739,
    0.1128670469388453,
    0.0836413270144476,
    0.04276587478307192,
    0.06242584978645027,
    0.13140477121487493,
    0.03797214887526934,
    0.04089927497989265,
    0.13396610859399516,
    0.22949647767109127,
    0.004705208785708237,
    0.2939735455602204,
    0.025233211304112046,
    0.25098085820354754,
    0.1445067491295049,
    0.16876333350410277,
    0.0656538663624815,
    0.16863393686844574,
    0.06501855077567598,
    0.011106646827556688,
    0.1790851131618183,
    0.05591061645145601,
    0.07753996251994977,
    0.15801455006840115,
    0.06645578456755175,
    0.21378909858367479,
    0.04126912678202643,
    0.06002291513050295,
    0.041413763183300034,
    0.11821300942574453,
    0.060400299779757916,
    0.044734941204296774,
    0.052417882007830485,
    0.04766522482714208,
    0.1817490847861336,
    0.08423621433757944,
    0.010250402753172239,
    0.10106503927227095,
    0.06565641211273032,
    0.20421701394070624,
    0.0755071609796687,
    0.17080218712249007,
    0.15576337574293575,
    0.12960339147230115,
    0.12704102874158707,
    0.0439875290726377,
    0.11316585611530172,
    0.1643822880978405,
    0.04284743406060443,
    0.10236737806008023,
    0.08839675624585652,
    0.021469008151598246,
    0.05462120596985187,
    0.10417547510314762,
    0.21870428024067223,
    0.12110336661953625,
    0.07563424147338083,
    0.13042647695601772,
    0.3371353560269199,
    0.1530817076427411,
    0.09961098198959917,
    0.07511844305099658,
    0.16312364668146984,
    0.12960510783250356,
    0.2313325814448035,
    0.07921503354918968,
    0.056120645238024736,
    0.10868446416861843,
    0.16257570735706395,
    0.10028614569091587,
    0.03105865323391299,
    0.113478655792278,
    0.13675230818807904,
    0.15849835988137784,
    0.01787476905838048,
    0.12502747944427028,
    0.07121598104095028,
    0.10641054623647506,
    0.05709266092389953,
    0.039301586872170446,
    0.1333084174934811,
    0.07290469027429936,
    0.26400775021238587,
    0.05826175716765647,
    0.06305238154254766,
    0.10461925613617495,
    0.11436593096186698,
    0.020049190245117643,
    0.03297394367928064,
    0.16759778846153495,
    0.0543829499374624,
    0.04075767879567138,
    0.17815599576942986,
    0.060378049389328226,
    0.06500714850881195,
    0.08974778372203218,
    0.04644288102599603,
    0.04729791540012229,
    0.17684400961661595,
    0.0517408548757885,
    0.08880622756714729,
    0.16225430855774903,
    0.10675958306046596,
    0.1451817519046017,
    0.08774344362973352,
    0.17049091024546215,
    0.10924914504084882,
    0.1754352340371952,
    0.1289946307883838,
    0.09703254330952404,
    0.37617138222321955,
    0.07121545817335573,
    0.02978479239391163,
    0.006622494142902724,
    0.14503498723843222,
    0.17701419718923717,
    0.08128308498817205,
    0.10364372669391742,
    0.08528991631374083,
    0.05297936993429175,
    0.10578995671221492,
    0.09107796069292817,
    0.024968560554953,
    0.14218759045888874,
    0.1249051119939395,
    0.049207652969016635,
    0.2006956000404898,
    0.042776991230766725,
    0.2984464169421699,
    0.0980657590289411,
    0.12183257853575924,
    0.11359991896142674,
    0.07991849976906451,
    0.2342700845983927,
    0.04836887688225033,
    0.03421057250125159,
    0.0873707720661514,
    0.11227101728218258,
    0.01208738754667138,
    0.13540261149864818,
    0.12465491227658276,
    0.1616458770972713,
    0.07525791917760216,
    0.10707286565411778,
    0.10172127400778663,
    0.08352156980163272,
    0.049960398670009454,
    0.0616026418238107,
    0.11942292538333277,
    0.06609293043402431,
    0.12505078003505332,
    0.18944786478778042,
    0.12844600348307722,
    0.00540667434779607,
    0.08642009024879371,
    0.18608273716472468,
    0.1622601820899945,
    0.057818426191261096,
    0.01913974868330115,
    0.07129903332315735,
    0.07436565323996547,
    0.02465767086323467,
    0.05588717352202366,
    0.14810892294372024,
    0.05175948441137734,
    0.11556867896433687,
    0.13037326577523345,
    0.06685912069133337,
    0.06439621001027263,
    0.06913228911344049,
    0.04516017598416511,
    0.0643455770602616
  ],
  "train_acc": [
    0.14864864864864866,
    0.3253968253968254,
    0.31932773109243695,
    0.23076923076923078,
    0.4166666666666667,
    0.42727272727272725,
    0.4067796610169492,
    0.46099290780141844,
    0.2987012987012987,
    0.32386363636363635,
    0.15126050420168066,
    0.3900709219858156,
    0.34965034965034963,
    0.3719512195121951,
    0.39473684210526316,
    0.45,
    0.3435114503816794,
    0.3942307692307692,
    0.33793103448275863,
    0.3986013986013986,
    0.4017094017094017,
    0.4845360824742268,
    0.5023255813953489,
    0.5984848484848485,
    0.5329341317365269,
    0.518796992481203,
    0.5471698113207547,
    0.5486111111111112,
    0.6907894736842105,
    0.6932515337423313,
    0.6275862068965518,
    0.7207792207792207,
    0.6304347826086957,
    0.6928571428571428,
    0.45323741007194246,
    0.717391304347826,
    0.6820512820512821,
    0.7905405405405406,
    0.7847222222222222,
    0.8282828282828283,
    0.8325581395348837,
    0.8175675675675675,
    0.7763975155279503,
    0.8347826086956521,
    0.88,
    0.7333333333333333,
    0.703030303030303,
    0.9130434782608695,
    0.7253521126760564,
    0.7950819672131147,
    0.8012048192771084,
    0.7426900584795322,
    0.908256880733945,
    0.9015151515151515,
    0.7297297297297297,
    0.770949720670391,
    0.8403361344537815,
    0.9421965317919075,
    0.631578947368421,
    0.8098591549295775,
    0.7985611510791367,
    0.910958904109589,
    0.7650602409638554,
    0.7457627118644068,
    0.7616279069767442,
    0.8402366863905325,
    0.7543859649122807,
    0.7364864864864865,
    0.924812030075188,
    0.8292682926829268,
    0.8064516129032258,
    0.6927083333333334,
    0.7256637168141593,
    0.6037735849056604,
    0.8362068965517241,
    0.6594594594594595,
    0.8516129032258064,
    0.8838709677419355,
    0.7636363636363637,
    0.8343949044585988,
    0.9733333333333334,
    0.9236111111111112,
    0.7333333333333333,
    0.62,
    0.8934426229508197,
    0.9555555555555556,
    0.9280575539568345,
    0.7784431137724551,
    0.8716216216216216,
    0.8625954198473282,
    0.9191919191919192,
    0.6756756756756757,
    0.8307692307692308,
    0.7481481481481481,
    0.963963963963964,
    0.8521739130434782,
    0.9152542372881356,
    0.8769230769230769,
    0.8260869565217391,
    0.8783068783068783,
    0.8048780487804879,
    0.912568306010929,
    0.9872611464968153,
    0.7049180327868853,
    0.8543689320388349,
    0.8125,
    0.9772727272727273,
    0.8421052631578947,
    0.8053097345132744,
    0.8652482269503546,
    0.8787878787878788,
    0.8441558441558441,
    0.8217054263565892,
    0.7428571428571429,
    0.8,
    0.7098765432098766,
    0.9219858156028369,
    0.8426966292134831,
    0.8414634146341463,
    0.7789473684210526,
    0.7971014492753623,
    0.8540145985401459,
    0.732824427480916,
    0.9936708860759493,
    0.6901408450704225,
    0.746031746031746,
    0.8988095238095238,
    0.7185185185185186,
    0.9103448275862069,
    0.9824561403508771,
    0.9683544303797469,
    0.9278350515463918,
    0.7908496732026143,
    0.8679245283018868,
    0.8305084745762712,
    0.9020979020979021,
    0.7482014388489209,
    0.7769230769230769,
    0.8186528497409327,
    0.8188976377952756,
    0.7480314960629921,
    0.7671957671957672,
    0.7666666666666667,
    0.9066666666666666,
    0.86,
    0.95625,
    0.8943661971830986,
    0.9171974522292994,
    0.8608695652173913,
    0.8141025641025641,
    0.874251497005988,
    0.891566265060241,
    0.8944444444444445,
    0.8467153284671532,
    0.9361702127659575,
    0.8257575757575758,
    0.8241758241758241,
    0.6162790697674418,
    0.8192771084337349,
    0.8725490196078431,
    0.8759124087591241,
    0.991304347826087,
    0.923728813559322,
    0.7681159420289855,
    0.8203592814371258,
    0.8571428571428571,
    0.8561643835616438,
    0.7908496732026143,
    0.9779005524861878,
    0.9107142857142857,
    0.7876106194690266,
    0.9181286549707602,
    0.930379746835443,
    0.8978102189781022,
    0.9156626506024096,
    0.8296703296703297,
    0.76875,
    0.7759562841530054,
    0.896,
    0.8620689655172413,
    0.7459016393442623,
    0.9096774193548387,
    0.9779005524861878,
    0.911504424778761,
    0.7466666666666667,
    0.7857142857142857,
    0.825503355704698,
    0.904,
    0.8611111111111112,
    0.9668874172185431,
    0.9318181818181818,
    0.7951807228915663,
    0.8435374149659864,
    0.8787878787878788,
    0.9291338582677166,
    0.6086956521739131,
    0.8,
    0.6896551724137931,
    0.9694656488549618,
    0.8715596330275229,
    0.7841726618705036,
    0.7967479674796748,
    0.95,
    0.9470198675496688,
    0.8181818181818182,
    0.9,
    0.9327731092436975,
    0.9386503067484663,
    0.8711656441717791,
    0.8620689655172413,
    0.8857142857142857,
    0.8313253012048193,
    0.8163265306122449,
    0.8805031446540881,
    0.8208955223880597,
    0.8984375,
    0.9281045751633987,
    0.6839080459770115,
    0.9664804469273743,
    0.6274509803921569,
    0.8342245989304813,
    0.8934426229508197,
    0.71875,
    0.8735632183908046,
    0.8688524590163934,
    0.8695652173913043,
    0.8776978417266187,
    0.782258064516129,
    0.7862595419847328,
    0.9548387096774194,
    0.9606299212598425,
    0.9504950495049505,
    0.9029850746268657,
    0.8404255319148937,
    0.8976377952755905,
    0.8585858585858586,
    0.8536585365853658,
    0.7830188679245284,
    0.9838709677419355,
    0.8818897637795275,
    0.9455782312925171,
    0.963855421686747,
    0.8486486486486486,
    0.8571428571428571,
    0.8442622950819673,
    0.8144796380090498,
    0.9290780141843972,
    0.967948717948718,
    0.9354838709677419,
    0.8547008547008547,
    0.8051948051948052,
    0.9154929577464789,
    0.9235294117647059,
    0.8861788617886179,
    0.6838235294117647,
    0.984,
    0.9613259668508287,
    0.7846153846153846,
    0.8787878787878788,
    0.8164556962025317,
    0.6,
    0.9102564102564102,
    0.8872180451127819,
    0.8238993710691824,
    0.8497109826589595,
    0.9084507042253521,
    0.8837209302325582,
    0.9104477611940298,
    0.8455284552845529,
    0.8231292517006803,
    0.851063829787234,
    0.8705035971223022,
    0.8085106382978723,
    0.8571428571428571,
    0.7289719626168224,
    0.6118421052631579,
    0.9779005524861878,
    0.9285714285714286,
    0.95,
    0.8083333333333333,
    0.9523809523809523,
    0.9516129032258065,
    0.855072463768116,
    0.8,
    0.9276315789473685,
    0.95,
    0.9130434782608695,
    0.828125,
    0.8817733990147784,
    0.8098591549295775,
    0.9032258064516129,
    0.8584070796460177,
    0.8287292817679558,
    0.8173076923076923,
    0.8516129032258064,
    0.8405797101449275,
    0.8518518518518519,
    0.803030303030303,
    0.9444444444444444,
    0.9393939393939394,
    0.9292035398230089,
    0.9700598802395209,
    0.9090909090909091,
    0.9150326797385621,
    0.8282208588957055,
    0.7295081967213115,
    0.75,
    0.950920245398773,
    0.9012345679012346,
    0.8796992481203008,
    0.8181818181818182,
    0.8303030303030303,
    0.9276315789473685,
    0.9585798816568047,
    0.875968992248062,
    0.8238636363636364,
    0.9022556390977443,
    0.9576271186440678,
    0.8819875776397516,
    0.8830409356725146,
    0.8287671232876712,
    0.7346938775510204,
    0.8731343283582089,
    0.888,
    0.6739130434782609,
    0.9005524861878453,
    0.8985507246376812,
    0.9333333333333333,
    0.875,
    0.9341317365269461,
    0.8106060606060606,
    0.8484848484848485,
    0.8923076923076924,
    0.7635135135135135,
    0.7552083333333334,
    0.8723404255319149,
    0.8473684210526315,
    0.9266666666666666,
    0.9738562091503268,
    0.974025974025974,
    0.896551724137931,
    0.895,
    0.6839080459770115,
    0.7818181818181819,
    0.6515151515151515,
    0.9603960396039604,
    0.9743589743589743,
    0.9401709401709402,
    0.7621359223300971,
    0.9180327868852459,
    0.8692307692307693,
    0.9571428571428572,
    0.9306930693069307,
    0.8848920863309353,
    0.8391608391608392,
    0.7921348314606742,
    0.8913043478260869,
    0.9211822660098522,
    0.7191780821917808,
    0.8896103896103896,
    0.8835616438356164,
    0.9064327485380117,
    0.8723404255319149,
    0.897196261682243,
    0.8656716417910447,
    0.8814814814814815,
    0.9285714285714286,
    0.900990099009901,
    0.8930817610062893,
    0.9651162790697675,
    0.8717948717948718,
    0.9388888888888889,
    0.936,
    0.7548387096774194,
    0.888235294117647,
    0.8181818181818182,
    0.9243697478991597,
    0.8434782608695652,
    1.0,
    0.7388535031847133,
    0.7692307692307693,
    0.7832167832167832,
    0.891156462585034,
    0.8666666666666667,
    0.9615384615384616,
    0.8333333333333334,
    0.9867549668874173,
    0.927536231884058,
    0.8521739130434782,
    0.8217054263565892,
    0.9324324324324325,
    0.8188405797101449,
    0.875,
    0.9465648854961832,
    0.9185185185185185,
    0.96,
    0.8392857142857143,
    0.8035714285714286,
    0.9047619047619048,
    0.8503937007874016,
    0.711864406779661,
    0.9375,
    0.9550561797752809,
    0.89937106918239,
    0.9683544303797469,
    0.9133858267716536,
    0.9568965517241379,
    0.9736842105263158,
    0.9682539682539683,
    0.8872180451127819,
    0.9692307692307692,
    0.8378378378378378,
    0.8833333333333333,
    0.967741935483871,
    0.8689655172413793,
    0.8044692737430168,
    0.7300613496932515,
    0.9338235294117647,
    0.95,
    0.7288135593220338,
    0.8666666666666667,
    0.8397790055248618,
    0.8870056497175142,
    0.9791666666666666,
    0.8803418803418803,
    0.7398373983739838,
    0.9302325581395349,
    0.8878504672897196,
    0.96,
    0.8900523560209425,
    0.8561643835616438,
    0.958904109589041,
    0.9575757575757575,
    0.8511904761904762,
    0.8090909090909091,
    0.8811188811188811,
    0.8846153846153846,
    0.9815950920245399,
    0.8888888888888888,
    0.9161290322580645,
    0.9603174603174603,
    0.9036144578313253,
    0.7933333333333333,
    0.7105263157894737,
    0.8428571428571429,
    0.9517241379310345,
    0.9326923076923077,
    0.7454545454545455,
    0.8195488721804511,
    0.9883720930232558,
    0.9107142857142857,
    0.967741935483871,
    0.9430051813471503,
    0.9722222222222222,
    0.9157303370786517,
    0.949685534591195,
    0.8735632183908046,
    0.9112903225806451,
    0.8930817610062893,
    0.9675324675324676,
    0.9083969465648855,
    0.9213483146067416,
    0.9916666666666667,
    0.9318181818181818,
    0.9408602150537635,
    0.9016393442622951,
    0.9868421052631579,
    0.9813664596273292,
    0.9298245614035088,
    0.8013698630136986,
    0.9565217391304348,
    0.9424460431654677,
    0.9047619047619048,
    0.9185185185185185,
    0.893491124260355,
    0.9727272727272728,
    0.9741379310344828,
    0.9457364341085271,
    0.8559322033898306,
    0.9171974522292994,
    0.9702380952380952,
    0.9514563106796117,
    0.8716216216216216,
    0.9384615384615385,
    0.9192546583850931,
    0.8810810810810811,
    0.9171974522292994,
    0.868421052631579,
    0.9315068493150684,
    0.868421052631579,
    0.9833333333333333,
    0.9548872180451128,
    0.9453125,
    0.9782608695652174,
    0.901840490797546,
    0.9534883720930233,
    0.9153846153846154,
    0.9798657718120806,
    0.9300699300699301,
    1.0,
    0.863013698630137,
    0.9603174603174603,
    0.9603174603174603,
    0.9642857142857143,
    0.9507042253521126,
    0.92,
    0.94,
    0.9797297297297297,
    0.9172413793103448,
    0.9305555555555556,
    0.9694656488549618,
    0.8978102189781022,
    0.9224806201550387,
    0.7094594594594594,
    0.9754601226993865,
    0.7898550724637681,
    0.7708333333333334,
    0.9312977099236641,
    0.9662162162162162,
    0.847682119205298,
    0.84375,
    0.8727272727272727,
    0.8916666666666667,
    0.9430379746835443,
    0.9602272727272727,
    0.923728813559322,
    0.9416666666666667,
    1.0,
    0.8547008547008547,
    0.8979591836734694,
    0.8913043478260869,
    0.9612403100775194,
    0.9806451612903225,
    0.9925373134328358,
    0.9246575342465754,
    0.8818181818181818,
    1.0,
    0.9166666666666666,
    0.9439252336448598,
    0.9181818181818182,
    0.9488636363636364,
    0.9006211180124224,
    0.8012820512820513,
    0.9707602339181286,
    0.864,
    0.9513888888888888,
    0.9691358024691358,
    0.8721804511278195,
    0.9653179190751445,
    0.9328859060402684,
    0.9484536082474226,
    0.889763779527559,
    0.925,
    0.8653846153846154,
    0.7872340425531915,
    0.9655172413793104,
    0.9144736842105263,
    0.9541284403669725,
    0.893491124260355,
    0.9064327485380117,
    0.85,
    0.9310344827586207,
    0.9726027397260274,
    0.8418079096045198,
    0.9512195121951219,
    0.918918918918919,
    0.8936170212765957,
    0.9495798319327731,
    0.9819277108433735,
    0.9558823529411765,
    0.9767441860465116,
    0.9009009009009009,
    0.9130434782608695,
    0.9391891891891891,
    0.8939393939393939,
    0.93125,
    0.9333333333333333,
    0.9282051282051282,
    0.9738562091503268,
    1.0,
    0.813953488372093,
    0.9262295081967213,
    0.8478260869565217,
    0.9357429718875502,
    0.9652777777777778,
    0.7888198757763976,
    0.9315068493150684,
    0.9315068493150684,
    0.9849624060150376,
    0.9426751592356688,
    0.8120805369127517,
    0.8358974358974359,
    0.9937888198757764,
    0.8834355828220859,
    0.8181818181818182,
    0.9956331877729258,
    0.9469026548672567,
    0.8,
    0.9318181818181818,
    0.9858156028368794,
    0.9361702127659575,
    0.7821229050279329,
    0.9767441860465116,
    0.9148936170212766,
    0.8975903614457831,
    0.951048951048951,
    0.958041958041958,
    0.9705882352941176,
    0.9333333333333333,
    0.8932038834951457,
    0.7913669064748201,
    0.8820224719101124,
    0.9743589743589743,
    0.9753086419753086,
    0.9701492537313433,
    0.9375,
    0.8009259259259259,
    0.9769230769230769,
    0.9139784946236559,
    0.9719626168224299,
    0.9779411764705882,
    0.9618320610687023,
    0.9371069182389937,
    0.875,
    0.8560606060606061,
    0.9408284023668639,
    0.9935897435897436,
    0.9645390070921985,
    0.9622641509433962,
    0.9875776397515528,
    0.9403973509933775,
    0.93,
    0.8943661971830986,
    0.9554455445544554,
    0.9612903225806452,
    0.8686131386861314,
    0.8507462686567164,
    0.9635036496350365,
    1.0,
    0.832258064516129,
    0.9379310344827586,
    0.8623853211009175,
    0.9342105263157895,
    0.89171974522293,
    0.8053691275167785,
    0.8920863309352518,
    0.9590163934426229,
    0.9416058394160584,
    0.959731543624161,
    0.9541984732824428,
    0.8918918918918919,
    0.9772727272727273,
    0.9939393939393939,
    1.0,
    0.9493670886075949,
    0.9415584415584416,
    0.9727272727272728,
    0.9215686274509803,
    0.9252336448598131,
    0.9691358024691358,
    0.8839285714285714,
    1.0,
    0.9440559440559441,
    0.900709219858156,
    0.9333333333333333,
    0.967741935483871,
    0.94,
    0.9936305732484076,
    0.9068627450980392,
    0.8497109826589595,
    0.9271523178807947,
    0.9770992366412213,
    0.8958333333333334,
    0.8770491803278688,
    0.9436619718309859,
    0.9493670886075949,
    0.9846153846153847,
    0.9140625,
    0.9612903225806452,
    0.850828729281768,
    0.8702290076335878,
    0.8994708994708994,
    1.0,
    0.8972602739726028,
    0.8640776699029126,
    0.9928057553956835,
    0.8881118881118881,
    0.9552238805970149,
    0.9316239316239316,
    0.9459459459459459,
    0.9629629629629629,
    0.9370629370629371,
    0.9908256880733946,
    0.875,
    0.9457364341085271,
    0.9411764705882353,
    0.8561151079136691,
    0.9803921568627451,
    0.9699248120300752,
    0.975609756097561,
    0.8895027624309392,
    0.8917525773195877,
    0.8112244897959183,
    0.9507042253521126,
    0.9739130434782609,
    0.9754601226993865,
    0.9553072625698324,
    0.7976878612716763,
    0.9863945578231292,
    0.9152542372881356,
    0.8187919463087249,
    0.972972972972973,
    0.9797297297297297,
    0.9699248120300752,
    0.9664429530201343,
    0.9679144385026738,
    0.8666666666666667,
    0.93,
    0.9419354838709677,
    0.934640522875817,
    0.9555555555555556,
    0.975,
    0.9932885906040269,
    0.9389312977099237,
    0.9765625,
    0.7983193277310925,
    0.910828025477707,
    0.8695652173913043,
    0.89937106918239,
    0.9043062200956937,
    0.8759124087591241,
    0.952054794520548,
    0.8372093023255814,
    0.9329608938547486,
    0.88,
    0.9476744186046512,
    0.7741935483870968,
    0.8881578947368421,
    0.9193548387096774,
    0.952054794520548,
    0.9696969696969697,
    0.8633093525179856,
    0.9624060150375939,
    0.9776536312849162,
    0.9559748427672956,
    0.958041958041958,
    0.9586206896551724,
    0.9591836734693877,
    0.9929078014184397,
    0.9247311827956989,
    0.9871794871794872,
    0.9421487603305785,
    0.9785714285714285,
    0.8901734104046243,
    0.8596491228070176,
    0.984251968503937,
    0.9305555555555556,
    0.9870967741935484,
    0.9815950920245399,
    1.0,
    0.967948717948718,
    0.9171974522292994,
    0.8903225806451613,
    0.9354838709677419,
    0.8838709677419355,
    0.94,
    0.9708029197080292,
    0.9054054054054054,
    0.9298245614035088,
    0.9724770642201835,
    0.7577092511013216,
    0.9842105263157894,
    1.0,
    0.9772727272727273,
    0.9929078014184397,
    0.914572864321608,
    0.8767123287671232,
    0.946524064171123,
    0.925,
    0.948051948051948,
    0.9145299145299145,
    0.9662162162162162,
    0.918918918918919,
    0.8661971830985915,
    0.9019607843137255,
    0.9420289855072463,
    0.9101123595505618,
    0.967479674796748,
    0.9439252336448598,
    0.9296875,
    0.890625,
    0.9475806451612904,
    0.9290322580645162,
    0.9078014184397163,
    0.8931297709923665,
    1.0,
    0.9918032786885246,
    0.8682634730538922,
    0.9761904761904762,
    0.983739837398374,
    0.9731543624161074,
    0.9470198675496688,
    0.8662790697674418,
    0.925531914893617,
    0.9855072463768116,
    0.9652173913043478,
    1.0,
    0.8509316770186336,
    0.8699186991869918,
    0.918918918918919,
    0.9754098360655737,
    0.9322033898305084,
    0.9433962264150944,
    0.9834254143646409,
    0.961038961038961,
    0.9245283018867925,
    0.8421052631578947,
    0.9555555555555556,
    0.9177215189873418,
    0.9851851851851852,
    0.8592592592592593,
    0.9766081871345029,
    0.978494623655914,
    0.9342105263157895,
    0.821656050955414,
    0.995,
    0.9594594594594594,
    0.98,
    0.8609271523178808,
    0.8225806451612904,
    0.8859060402684564,
    0.967741935483871,
    0.9230769230769231,
    0.8555555555555555,
    0.9366197183098591,
    0.9439252336448598,
    0.9491525423728814,
    0.8896103896103896,
    0.9319727891156463,
    0.9743589743589743,
    0.9572649572649573,
    0.9430379746835443,
    0.9933333333333333,
    0.9859154929577465,
    0.953125,
    0.8666666666666667,
    0.9699248120300752,
    0.9333333333333333,
    0.9731543624161074,
    1.0,
    0.9608938547486033,
    0.8265895953757225,
    0.8230088495575221,
    0.9117647058823529,
    0.8901098901098901,
    0.9805825242718447,
    0.978021978021978,
    0.8666666666666667,
    0.9787234042553191,
    0.984375,
    0.9103448275862069,
    0.9731543624161074,
    0.8467153284671532,
    0.9044585987261147,
    0.9252336448598131,
    0.9322033898305084,
    0.9322033898305084,
    0.9567901234567902,
    0.952054794520548,
    0.9202453987730062,
    0.9151515151515152,
    0.927710843373494,
    0.9185185185185185,
    0.9620253164556962,
    0.9173553719008265,
    0.9076923076923077,
    0.8657718120805369,
    0.9587628865979382,
    0.9875776397515528,
    1.0,
    0.8936170212765957,
    0.9389312977099237,
    0.9529411764705882,
    0.9863945578231292,
    0.9653465346534653,
    0.8173076923076923,
    0.9767441860465116,
    0.8548387096774194,
    0.972972972972973,
    0.9867549668874173,
    0.9863945578231292,
    0.896969696969697,
    0.9954545454545455,
    0.8952380952380953,
    0.9014084507042254,
    0.8951612903225806,
    0.9517241379310345,
    0.9583333333333334,
    0.9858156028368794,
    0.9795918367346939,
    0.9857142857142858,
    0.9873417721518988,
    0.9270833333333334,
    0.9551282051282052,
    0.9943181818181818,
    0.9829545454545454,
    0.9392265193370166,
    0.9743589743589743,
    0.9830508474576272,
    0.9924242424242424,
    0.96875,
    0.9777777777777777,
    0.9035087719298246,
    0.9823008849557522,
    0.958041958041958,
    0.9177215189873418,
    0.975,
    0.9367088607594937,
    0.9464285714285714,
    0.8359375,
    0.9583333333333334,
    0.9328358208955224,
    0.9893048128342246,
    0.8564102564102564,
    0.9940119760479041,
    1.0,
    0.9112903225806451,
    0.9075144508670521,
    0.9357798165137615,
    0.9310344827586207,
    0.9171974522292994,
    0.8734939759036144,
    0.8823529411764706,
    0.912,
    0.8037383177570093,
    0.9383561643835616,
    0.990990990990991,
    1.0,
    0.9926470588235294,
    0.9802631578947368,
    0.9512195121951219,
    0.9084507042253521,
    0.9915966386554622,
    0.9558823529411765,
    0.9612403100775194,
    0.9862068965517241,
    0.9452054794520548,
    1.0,
    0.9252873563218391,
    0.9504950495049505,
    0.9254658385093167,
    0.9692307692307692,
    0.9842931937172775,
    1.0,
    0.925,
    0.8852459016393442,
    1.0,
    0.93048128342246,
    0.9848484848484849,
    0.976878612716763,
    0.9617834394904459,
    0.89171974522293,
    0.9931506849315068,
    0.9761904761904762,
    0.9492753623188406,
    0.9626865671641791,
    0.9568345323741008,
    0.8709677419354839,
    0.9615384615384616,
    0.992,
    0.9403669724770642,
    0.9652777777777778,
    0.8783068783068783,
    0.9014084507042254,
    0.956989247311828,
    0.8938053097345132,
    1.0,
    1.0,
    0.9883040935672515,
    0.9144736842105263,
    0.9757575757575757,
    0.9724770642201835,
    0.9805194805194806,
    0.9735099337748344,
    0.984,
    0.9851851851851852,
    0.9053254437869822,
    0.9930555555555556,
    0.9280575539568345,
    0.9669421487603306,
    0.9562043795620438,
    0.9927007299270073,
    0.9879518072289156,
    0.9326923076923077,
    0.9492753623188406,
    0.9532163742690059,
    0.940677966101695,
    0.9305555555555556,
    0.912,
    0.7703703703703704,
    0.993103448275862,
    0.930379746835443,
    0.9811320754716981,
    0.8918918918918919,
    0.9703703703703703,
    0.9735099337748344,
    0.949685534591195,
    0.9666666666666667,
    0.9053254437869822,
    0.965034965034965,
    0.9097744360902256,
    0.8818897637795275,
    0.9605911330049262,
    0.8787878787878788,
    0.9210526315789473,
    0.976,
    0.9545454545454546,
    0.9568345323741008,
    1.0,
    0.9902439024390244,
    0.9801324503311258,
    0.9239130434782609,
    0.9337748344370861,
    1.0,
    0.9631901840490797,
    0.9565217391304348,
    1.0,
    0.9,
    0.9787234042553191,
    0.9193548387096774,
    0.952755905511811,
    0.9606299212598425,
    0.8888888888888888,
    0.8743718592964824,
    0.9890710382513661,
    0.8394160583941606,
    0.912,
    0.9921875,
    0.9925925925925926,
    0.9855072463768116,
    0.9906103286384976,
    0.96875,
    0.984251968503937,
    0.9523809523809523,
    0.9848484848484849,
    0.889763779527559,
    0.9931972789115646,
    0.9180327868852459,
    0.9869281045751634,
    0.8955223880597015,
    1.0,
    0.9867256637168141,
    0.9707602339181286,
    0.9617834394904459,
    0.9734513274336283,
    0.9739130434782609,
    1.0,
    0.9054054054054054,
    0.9787234042553191,
    0.9900990099009901,
    0.9790209790209791,
    1.0,
    0.95625,
    1.0,
    0.927007299270073,
    0.9593908629441624,
    0.948905109489051,
    0.9917355371900827,
    0.9588235294117647,
    0.9913793103448276,
    0.95,
    0.9534883720930233,
    0.9950980392156863,
    0.9829545454545454,
    0.9861111111111112,
    0.9722222222222222,
    0.8841463414634146,
    0.9064327485380117,
    0.9210526315789473,
    0.8859060402684564,
    0.906832298136646,
    0.9085365853658537,
    0.8715083798882681,
    0.8755555555555555,
    0.9908256880733946,
    0.9253731343283582,
    0.983739837398374,
    0.8608695652173913,
    0.9369369369369369,
    0.893491124260355,
    0.9548387096774194,
    0.9591836734693877,
    0.9104477611940298,
    0.9489795918367347,
    0.9741935483870968,
    0.9712230215827338,
    0.9719101123595506,
    0.9519230769230769,
    0.9212598425196851,
    0.9827586206896551,
    0.8984375,
    1.0,
    0.935672514619883,
    0.9895833333333334,
    0.9478260869565217,
    0.967741935483871,
    0.9202898550724637,
    0.84375,
    0.9917355371900827,
    1.0,
    0.9714285714285714,
    0.9320987654320988,
    0.9826589595375722,
    0.9603174603174603,
    0.9629629629629629,
    0.9411764705882353,
    0.9801324503311258,
    0.9431818181818182,
    0.9935897435897436,
    0.9313725490196079,
    0.9943181818181818,
    0.984375,
    0.9572649572649573,
    0.9624060150375939,
    0.9605263157894737,
    0.9830508474576272,
    0.9440559440559441,
    0.8648648648648649,
    0.9523809523809523,
    0.8390243902439024,
    0.9703703703703703,
    0.9724137931034482,
    0.9402985074626866,
    0.9724137931034482,
    0.994475138121547,
    0.863013698630137,
    0.9426751592356688,
    0.9675324675324676,
    0.9496402877697842,
    0.967479674796748,
    0.9213483146067416,
    0.9568345323741008,
    0.9933774834437086,
    0.9495798319327731,
    0.968503937007874,
    1.0,
    0.9516129032258065,
    0.9705882352941176,
    0.8767123287671232,
    0.9736842105263158,
    0.865,
    0.972972972972973,
    0.8269230769230769,
    0.9878787878787879,
    0.9612903225806452,
    0.9565217391304348,
    0.9763313609467456,
    0.9775280898876404,
    1.0,
    0.9675324675324676,
    0.9937888198757764,
    0.8813559322033898,
    0.972027972027972,
    0.8333333333333334,
    0.9825581395348837,
    0.9826086956521739,
    0.9470588235294117,
    0.9357142857142857,
    0.9851851851851852,
    0.9776119402985075,
    0.9594594594594594,
    0.96,
    0.9591836734693877,
    0.9411764705882353,
    0.9490445859872612,
    0.9906542056074766,
    0.9854014598540146,
    0.8814229249011858,
    0.8413793103448276,
    1.0,
    0.8904109589041096,
    1.0,
    0.9016393442622951,
    0.9514563106796117,
    0.910958904109589,
    0.9881656804733728,
    0.9361702127659575,
    0.9795918367346939,
    1.0,
    0.9315789473684211,
    0.9682539682539683,
    0.9482758620689655,
    0.9172932330827067,
    0.9838709677419355,
    0.8715596330275229,
    0.9554140127388535,
    0.9615384615384616,
    0.9878048780487805,
    0.9430379746835443,
    0.9752066115702479,
    0.9743589743589743,
    0.9722222222222222,
    0.9874213836477987,
    0.9285714285714286,
    0.9645390070921985,
    1.0,
    0.9770992366412213,
    0.9621212121212122,
    0.925,
    0.9545454545454546,
    0.9328358208955224,
    0.967479674796748,
    0.9213483146067416,
    0.96,
    0.9577464788732394,
    0.9371069182389937,
    0.8739495798319328,
    0.9937106918238994,
    0.9625668449197861,
    0.9487179487179487,
    0.9937888198757764,
    0.965034965034965,
    0.9655172413793104,
    0.8486842105263158,
    0.9565217391304348,
    0.9840425531914894,
    0.9465648854961832,
    0.864,
    0.9381443298969072,
    0.9548387096774194,
    0.9631901840490797,
    0.847953216374269,
    0.9672131147540983,
    0.91,
    0.967948717948718,
    0.9803921568627451,
    0.9106145251396648,
    0.9557522123893806,
    0.9679144385026738,
    1.0,
    0.9794871794871794,
    0.9545454545454546,
    0.9387755102040817,
    1.0,
    0.9699248120300752,
    0.9565217391304348,
    0.8947368421052632,
    0.9710144927536232,
    0.9937888198757764,
    0.8657718120805369,
    0.9692307692307692,
    0.8646616541353384,
    0.9876543209876543,
    0.9831932773109243,
    0.9389312977099237,
    0.9575757575757575,
    1.0,
    0.990990990990991,
    0.9155844155844156,
    0.8896103896103896,
    0.9923076923076923,
    0.8785714285714286,
    0.976,
    0.9393939393939394,
    0.9626168224299065,
    0.9440993788819876,
    0.9913793103448276,
    0.9285714285714286,
    0.9649122807017544,
    0.968503937007874,
    0.9307692307692308,
    0.9801980198019802,
    0.9236111111111112,
    0.9846153846153847,
    0.9127906976744186,
    0.8589743589743589,
    0.8455284552845529,
    0.9640287769784173,
    0.9646017699115044,
    0.816,
    0.9441340782122905,
    0.9806451612903225,
    1.0,
    0.9230769230769231,
    0.8387096774193549,
    0.916083916083916,
    0.9836065573770492,
    0.9447852760736196,
    0.9933774834437086,
    0.9375,
    0.9051094890510949,
    1.0,
    0.9477611940298507,
    0.92,
    0.9876543209876543,
    0.87248322147651,
    0.9801324503311258,
    0.8881578947368421,
    0.9430379746835443,
    0.936046511627907,
    0.9097222222222222,
    0.9703703703703703,
    0.8306451612903226,
    0.9790575916230366,
    0.9880952380952381,
    0.9770992366412213,
    0.9659090909090909,
    1.0,
    0.8971428571428571,
    0.92,
    0.9574468085106383,
    0.9534883720930233,
    0.9119170984455959,
    0.8846153846153846,
    0.9872611464968153,
    0.9866666666666667,
    0.9821428571428571,
    0.9159663865546218,
    0.9705882352941176,
    0.956989247311828,
    0.9151515151515152,
    0.9105691056910569,
    1.0,
    0.9454545454545454,
    0.8920863309352518,
    0.9020618556701031,
    0.9828571428571429,
    0.9926470588235294,
    0.9649122807017544,
    0.972972972972973,
    1.0,
    0.9782608695652174,
    0.9171974522292994,
    0.9826086956521739,
    0.9021739130434783,
    0.9624060150375939,
    0.9784172661870504,
    0.9669421487603306,
    0.9731543624161074,
    0.9937106918238994,
    0.9777777777777777
  ],
  "val_loss": [
    0.5863239188801568,
    0.3871847212876914,
    0.3572321688463478,
    0.33380316572978436,
    0.34155289592315097,
    0.3301425373509714,
    0.31146356305283196,
    0.4153658652837379,
    0.31391457384627947,
    0.31412641868909014,
    0.3494514070679331,
    0.3092483221714344,
    0.3135301815836439,
    0.31854967736110457,
    0.3143682028867638,
    0.32856990582265366,
    0.3251172145770031,
    0.3315948087793999,
    0.31759711395593654,
    0.3201879140809372,
    0.3246899199338905,
    0.3178181773578051,
    0.29126730902111686,
    0.29946739566495933,
    0.31067887736146144,
    0.31313775525568016,
    0.30520091688012596,
    0.31662770487392267,
    0.32592571985735974,
    0.31266746789704075,
    0.32052195961010543,
    0.33320394250426627,
    0.3646416738158692,
    0.33509688244201974,
    0.3417344066245712,
    0.35615192970067683,
    0.3431570131956408,
    0.35202202483883155,
    0.3342216521763796,
    0.3492221774303901,
    0.3377119549060087,
    0.35613350447126535,
    0.3416063351660215,
    0.3523413852993882,
    0.3520844080541872
  ],
  "val_acc": [
    0.6670400448053766,
    0.856482777933352,
    0.8609633155978718,
    0.8668440212825539,
    0.8679641556986838,
    0.8585830299635956,
    0.8734248109773173,
    0.8668440212825539,
    0.8716045925511061,
    0.8696443573228787,
    0.8752450294035284,
    0.882525903108373,
    0.8629235508260992,
    0.8405208625035004,
    0.8772052646317559,
    0.8770652478297396,
    0.8606832819938393,
    0.8720246429571549,
    0.8676841220946514,
    0.8788854662559508,
    0.8423410809297116,
    0.8520022402688323,
    0.8667040044805376,
    0.8569028283394007,
    0.8695043405208625,
    0.8648837860543265,
    0.8650238028563427,
    0.850742089050686,
    0.8224586950434052,
    0.8688042565107813,
    0.8735648277793335,
    0.8305796695603472,
    0.8748249789974797,
    0.8840660879305516,
    0.8812657518902268,
    0.8714645757490899,
    0.8562027443293195,
    0.8370204424530944,
    0.8714645757490899,
    0.8594231307756931,
    0.868664239708765,
    0.8791654998599832,
    0.8569028283394007,
    0.8323998879865584,
    0.8434612153458415
  ]
}